the maximum month is :  83
the maximum film number is :  3895
51,11,14,84,40,60,22,49,47,63,17,15,24,39,15,6,40,32,10,20,9,13,9,19,34,16,8,14,16,7,11,13,12,6,5,8,5,6,4,12,8,7,12,19,13,7,7,5,7,8,4,2,9,10,9,5,15,5,2,5,5,7,6,5,7,11,10,5,10,11,8,4,7,8,7,6,4,10,5,9,7,7,3,4,1,

64,6,11,68,78,123,52,38,40,52,28,29,45,74,21,19,84,50,25,24,13,6,10,28,23,17,25,8,12,11,23,18,8,18,15,13,7,10,5,12,9,15,13,11,30,19,8,16,18,17,10,14,6,10,9,14,20,14,11,13,19,16,22,11,19,12,11,26,25,48,30,10,25,21,9,10,13,10,11,9,12,10,9,12,3,

73,3,31,102,37,150,69,63,48,50,37,31,53,64,16,9,144,71,38,28,21,20,13,32,37,31,31,19,20,26,28,18,9,17,18,23,18,13,14,20,7,27,16,40,26,16,11,36,19,17,18,19,17,15,20,27,26,17,21,20,15,27,17,14,23,21,28,56,52,70,38,43,38,35,24,40,30,23,22,30,21,15,21,20,7,

74,28,213,608,256,502,124,142,171,399,235,183,270,316,132,71,476,279,176,134,98,86,60,197,261,183,119,135,107,107,117,157,105,112,97,79,58,54,53,59,97,87,67,154,110,92,60,102,77,74,69,70,62,75,74,88,149,111,83,113,76,98,93,115,101,94,93,142,172,560,208,213,192,139,121,140,139,140,130,147,146,134,121,79,19,

75,11,67,205,70,130,90,89,106,105,55,43,64,120,34,20,150,68,41,42,25,30,20,63,61,54,25,26,29,34,31,36,26,24,18,18,18,17,17,15,21,19,17,46,24,21,14,26,22,22,24,30,20,23,30,22,58,43,30,22,28,29,26,15,25,25,22,47,38,71,49,39,25,26,23,27,31,22,17,25,26,15,25,14,5,

81,11,86,213,83,69,31,48,50,71,29,25,28,60,18,11,110,54,36,23,16,17,11,36,29,21,14,15,25,17,26,12,12,22,17,9,10,9,9,12,14,15,15,27,15,9,8,22,14,21,13,15,12,13,6,18,28,14,5,8,17,15,18,23,11,13,14,18,17,85,26,13,22,21,9,13,8,15,8,16,10,13,10,5,4,

96,6,22,68,60,112,50,44,35,43,27,16,42,71,27,15,87,50,24,20,10,8,9,24,18,14,15,15,11,11,20,15,7,11,9,8,7,8,6,7,8,18,12,12,20,14,11,28,16,14,9,17,14,11,12,13,20,15,13,21,10,16,19,21,17,13,17,21,26,132,41,37,33,24,18,21,27,20,9,24,22,28,21,19,5,

102,5,12,63,52,147,72,39,45,34,23,16,26,68,25,7,63,55,30,20,19,13,11,40,34,25,19,10,17,18,18,16,9,19,13,13,6,5,11,7,4,7,9,18,11,17,7,20,20,20,37,46,25,29,13,12,20,16,17,15,13,15,15,17,11,13,9,19,27,44,20,17,28,18,19,19,15,25,15,16,16,17,5,9,5,

108,7,28,148,95,466,154,98,121,127,70,47,79,186,60,31,257,141,90,71,38,36,19,91,89,65,38,27,44,45,46,32,26,36,26,29,20,15,21,21,27,24,24,46,20,33,26,63,47,64,36,37,64,87,83,47,54,50,40,35,34,36,34,45,33,28,32,46,66,81,59,40,64,43,27,39,46,42,38,41,39,38,31,34,5,

120,0,20,72,55,118,26,36,24,43,22,18,23,40,12,13,62,29,16,19,4,5,4,13,17,14,16,10,15,13,17,11,7,11,6,11,5,5,12,6,7,7,12,5,5,6,5,12,6,11,11,10,6,7,5,9,19,9,5,9,4,7,15,7,0,5,3,11,18,31,16,9,12,7,20,6,7,11,7,17,7,9,13,5,3,

124,1,6,22,17,34,14,28,41,40,18,16,21,56,20,15,76,45,26,15,12,9,8,33,39,23,16,17,14,16,14,16,13,9,7,11,5,13,8,12,16,11,8,28,23,14,5,8,9,6,4,12,6,6,8,6,14,14,10,8,9,17,9,7,7,8,7,8,21,21,12,10,8,10,12,11,7,12,2,14,12,3,10,5,0,

136,0,14,25,21,37,5,34,50,38,22,17,20,59,20,10,64,42,34,23,15,12,12,44,55,41,19,11,17,13,14,13,11,8,11,13,9,13,4,6,11,15,8,21,11,14,6,13,9,11,9,8,8,11,8,8,13,9,8,11,4,11,9,6,9,12,9,16,11,29,18,16,14,13,12,7,10,12,5,9,10,6,3,7,5,

148,0,38,97,60,114,16,25,27,43,23,14,22,29,12,6,48,32,17,13,9,1,4,11,8,17,11,3,3,9,9,14,4,11,10,8,6,6,8,3,7,7,7,8,10,7,8,16,11,10,12,7,7,7,6,10,25,8,7,5,8,9,9,10,7,9,8,9,11,31,12,10,13,10,10,7,13,9,7,10,5,7,7,2,0,

149,0,150,787,474,577,202,191,228,310,177,218,308,433,159,85,841,392,261,186,127,111,58,254,252,197,137,130,141,136,136,157,93,114,98,89,67,78,74,65,98,91,71,214,135,98,94,116,72,83,70,87,71,87,93,86,169,109,83,137,81,99,96,104,93,115,88,154,159,582,201,211,180,145,95,136,120,139,131,147,145,128,129,101,41,

154,0,37,105,59,164,45,46,41,66,31,14,32,46,23,17,85,36,25,20,14,9,7,25,15,15,11,18,9,17,15,10,7,13,11,15,6,2,11,12,19,22,15,15,19,14,12,20,8,11,10,6,5,7,10,6,18,10,1,7,8,6,11,9,5,9,5,13,9,32,17,9,15,12,6,8,8,6,6,11,6,9,5,7,0,

161,0,37,181,144,317,78,65,57,79,29,25,48,99,36,24,117,69,44,35,11,21,10,35,44,29,28,10,26,32,23,24,13,18,19,14,12,22,11,10,21,15,17,23,18,14,11,24,17,15,16,18,18,20,13,15,27,26,14,18,16,16,19,16,11,16,14,22,32,76,35,19,30,18,18,18,21,21,13,27,13,14,15,13,2,

162,0,15,80,56,238,47,58,38,66,35,38,31,83,26,22,118,65,30,13,21,17,13,33,32,27,20,10,12,16,18,15,16,18,14,15,6,7,13,10,16,17,10,14,14,22,7,21,21,13,8,13,15,9,8,16,19,11,6,9,8,15,16,5,10,13,10,14,15,30,21,19,12,10,12,10,8,11,8,9,12,8,7,6,1,

170,0,8,39,37,60,11,21,48,83,38,20,27,60,18,10,59,40,27,24,13,19,7,34,56,35,13,9,26,16,19,17,17,7,8,17,11,8,7,8,11,11,5,26,13,9,9,13,9,7,5,3,5,3,6,4,17,6,11,8,3,8,10,5,5,9,5,8,11,34,13,11,5,4,4,10,8,10,11,7,8,7,7,3,3,

178,0,7,257,168,180,53,38,39,51,60,55,79,103,39,23,188,126,52,46,32,11,15,45,64,42,30,32,27,26,32,36,16,27,16,21,15,17,20,16,22,23,19,31,28,27,21,45,29,28,18,24,29,34,27,25,49,27,27,23,17,34,38,32,26,33,23,50,53,151,65,54,49,36,38,36,24,33,31,42,21,32,31,26,9,

193,0,1,43,55,50,40,25,38,93,73,78,99,72,48,21,170,93,54,38,28,31,20,49,42,39,33,27,23,25,28,23,13,17,19,22,18,16,31,16,19,23,22,44,23,20,14,35,11,12,17,16,15,14,23,14,28,20,11,23,15,16,15,13,17,13,15,25,26,87,39,24,27,26,16,16,15,25,20,24,20,23,20,12,4,

195,0,1,48,76,47,23,9,10,57,43,44,45,37,12,14,65,48,27,14,9,12,12,20,12,19,20,15,8,14,11,12,7,19,10,8,9,9,9,6,3,16,9,15,9,10,5,16,6,11,9,12,9,8,11,11,11,5,9,5,9,4,7,7,10,11,4,15,9,25,14,7,13,10,7,8,7,2,3,5,2,3,8,2,3,

197,0,6,86,73,224,91,68,56,63,40,31,40,70,27,23,90,64,41,33,21,25,16,44,44,36,20,12,18,15,23,15,9,19,9,14,10,11,9,8,14,18,12,23,16,17,8,17,11,19,11,8,8,16,16,14,35,26,13,12,20,21,21,14,17,13,10,27,20,49,25,16,19,19,15,17,20,20,13,11,14,14,10,8,2,

198,0,11,156,182,469,136,124,130,159,79,77,90,213,56,53,299,168,98,62,45,35,43,104,99,82,61,60,71,69,62,48,32,42,41,51,43,44,23,25,36,39,28,62,57,43,22,54,40,45,34,39,37,49,28,39,79,46,36,58,39,53,50,52,43,48,37,55,62,176,83,80,63,54,32,56,50,46,31,45,41,41,41,34,8,

199,0,7,122,87,172,44,35,48,46,29,19,39,68,26,7,84,59,30,17,16,12,13,24,20,25,13,15,17,15,18,8,7,13,11,7,7,7,13,10,12,8,16,19,11,10,9,18,10,8,10,7,4,4,3,4,22,8,6,9,12,3,6,8,6,6,7,11,9,27,11,5,11,8,11,9,7,4,2,8,8,4,10,4,0,

200,0,14,221,257,505,166,109,130,131,95,68,102,171,78,42,225,153,75,72,48,37,34,124,111,83,63,51,54,56,59,54,21,42,40,55,29,36,35,27,34,44,34,59,50,48,40,89,70,70,49,62,54,70,52,58,115,93,57,63,53,70,72,72,64,58,59,110,111,435,141,113,116,97,78,83,73,89,68,93,98,96,63,61,20,

201,0,5,148,93,128,53,41,33,59,29,24,32,51,19,5,69,25,16,14,3,10,5,12,11,15,4,11,10,5,11,8,5,4,5,6,3,3,14,3,8,9,7,8,6,5,4,4,10,8,8,5,5,6,1,9,19,2,6,5,7,3,6,6,2,2,2,16,6,24,9,2,6,4,3,6,3,2,4,2,1,5,10,0,0,

225,0,3,61,88,243,56,50,50,87,36,29,46,113,23,14,114,64,35,24,15,16,12,45,39,37,28,30,23,22,26,19,13,19,14,13,15,11,15,11,16,17,12,25,23,15,8,22,14,14,14,18,10,20,13,19,31,23,8,19,11,16,16,12,11,22,16,18,31,98,36,32,28,19,22,20,25,14,21,30,15,19,17,14,12,

228,0,1,103,93,282,97,62,68,103,51,36,64,117,38,24,144,80,41,38,15,17,21,55,43,38,23,28,13,27,24,27,11,22,28,22,15,14,18,22,22,49,36,50,22,22,18,34,22,29,24,27,25,26,22,26,48,32,25,30,24,22,34,26,26,21,27,53,44,105,53,51,60,30,35,29,34,31,20,42,36,44,28,21,8,

229,0,1,61,56,160,50,44,41,82,34,29,40,75,20,14,142,95,45,22,13,10,10,29,29,27,17,13,9,17,22,18,7,16,16,10,3,5,14,15,10,20,13,15,10,15,5,21,14,17,12,13,11,7,16,12,31,19,12,19,14,17,19,12,15,20,16,21,30,69,28,24,26,17,21,17,18,15,13,27,23,19,19,10,3,

230,0,1,73,53,142,49,46,33,71,32,36,63,103,23,13,82,51,24,15,13,9,12,34,22,24,10,14,15,21,18,15,4,15,14,9,5,8,12,12,11,31,22,26,10,12,5,19,15,17,15,12,14,14,15,17,26,15,15,25,16,16,24,22,15,17,15,23,34,61,33,29,25,20,21,20,17,14,14,29,24,29,14,13,4,

232,0,0,85,74,187,36,39,37,48,30,22,33,82,20,14,88,59,22,18,12,5,10,27,26,23,21,9,14,17,20,14,10,15,16,9,2,10,5,9,6,10,13,26,17,14,4,17,17,11,16,12,11,15,16,15,27,16,15,21,14,21,14,21,21,20,10,28,34,80,36,41,27,21,14,22,26,23,23,30,9,20,24,10,6,

235,0,0,83,187,195,72,29,30,60,93,106,139,193,77,34,249,151,100,87,67,44,33,128,177,108,89,86,79,66,76,112,47,63,75,54,52,51,72,64,109,79,52,150,101,66,52,79,71,75,55,72,71,81,110,97,143,89,73,137,98,99,106,117,103,99,63,150,125,659,202,216,181,147,105,127,118,121,117,164,167,131,135,99,34,

242,0,0,24,57,72,40,27,15,24,20,40,64,48,16,7,82,72,35,22,12,12,8,11,16,12,14,8,9,13,13,5,10,8,7,12,8,10,12,8,15,6,3,20,15,9,6,26,14,9,8,16,8,7,9,13,11,10,13,10,6,8,8,7,3,24,11,13,16,34,26,15,16,14,12,12,14,7,5,11,12,11,15,11,4,

244,0,0,89,72,257,74,63,64,72,32,41,68,111,42,29,122,76,51,35,21,16,15,32,35,28,20,16,19,17,17,30,8,20,18,18,10,16,25,13,18,27,26,36,23,24,10,30,17,13,16,28,20,17,11,41,40,34,19,16,9,21,24,19,15,15,15,26,27,52,22,21,20,10,12,16,12,14,8,15,12,11,15,8,5,

249,0,0,115,64,170,72,47,33,55,26,28,32,33,22,13,92,44,27,25,13,12,8,24,31,28,22,11,10,14,18,8,4,11,13,8,8,11,9,7,5,11,8,7,5,7,9,11,8,11,9,9,4,2,9,6,7,10,7,5,10,4,12,11,6,9,4,16,10,28,14,11,11,4,8,6,6,2,7,13,5,6,8,9,0,

259,0,0,95,102,266,69,56,57,63,41,41,64,97,33,21,138,86,47,32,27,14,14,40,41,50,36,28,46,37,33,38,17,22,25,14,15,15,18,13,23,28,21,28,41,27,13,25,19,22,13,22,30,21,8,30,60,30,25,30,25,31,35,24,31,37,30,49,39,89,44,56,35,30,24,23,33,33,19,30,18,19,20,10,7,

261,0,0,140,213,423,122,111,102,126,80,71,105,187,58,40,267,160,81,72,35,36,31,90,91,83,54,48,55,55,53,68,39,44,47,37,24,41,32,22,30,47,34,79,67,50,56,94,52,34,30,34,28,24,35,48,89,48,37,52,34,50,68,49,50,48,39,78,85,267,92,89,99,58,50,67,60,57,50,68,56,55,40,27,18,

265,0,0,22,34,120,40,36,23,35,16,16,26,53,14,12,43,26,19,17,8,5,8,18,18,16,7,8,5,9,11,10,3,12,12,8,4,11,6,8,3,8,4,13,11,11,4,20,7,11,9,3,7,10,10,10,20,13,6,11,10,7,9,11,10,10,15,18,19,40,25,14,18,10,13,16,13,13,11,20,11,8,8,8,1,

267,0,0,21,41,130,41,31,19,41,16,16,21,54,18,11,35,24,25,14,6,5,6,27,21,16,12,6,5,9,14,11,6,10,10,7,3,3,4,6,9,12,2,12,8,7,7,8,9,9,5,6,7,8,7,6,23,6,5,10,7,11,12,10,8,11,9,14,14,29,21,11,10,12,8,9,11,7,8,9,11,9,11,6,2,

270,0,0,20,308,374,208,119,122,136,167,175,233,275,102,71,438,225,153,113,66,67,49,133,128,112,71,69,80,68,90,89,54,68,63,50,39,48,60,37,65,62,63,143,82,68,55,108,63,70,56,64,54,52,61,58,107,83,58,96,72,68,81,78,63,74,54,138,119,435,158,126,124,85,66,86,73,74,86,96,80,72,78,65,25,

273,0,0,10,54,59,23,15,17,15,12,21,9,18,10,13,77,35,46,42,24,17,8,36,22,20,27,17,23,21,17,33,16,27,14,11,15,13,20,14,21,29,19,38,25,26,16,47,40,34,20,29,35,22,29,38,35,32,34,31,26,36,37,30,21,29,29,49,53,110,69,59,53,37,29,30,35,29,24,48,30,25,32,22,10,

277,0,0,2,27,36,17,6,15,46,43,29,21,55,16,16,55,35,22,16,13,11,11,42,55,32,7,18,16,18,15,19,9,15,9,17,11,7,4,6,15,11,10,25,23,13,13,6,6,8,6,5,2,5,4,11,21,15,12,6,9,14,11,7,10,4,5,8,13,39,15,15,9,11,9,12,8,14,8,5,10,7,3,12,3,

278,0,0,1,135,144,66,50,44,102,105,121,120,83,37,28,169,82,57,46,34,27,17,44,53,33,32,18,20,27,29,32,14,23,13,11,14,15,22,17,18,19,17,27,18,20,15,49,22,30,26,28,24,25,23,23,39,26,26,28,15,28,25,21,18,13,23,31,44,112,57,36,44,28,27,30,34,21,31,34,27,31,29,20,12,

290,0,0,25,89,179,77,47,44,56,30,23,39,46,22,9,67,44,21,16,12,15,7,14,9,13,17,8,9,14,9,11,5,16,9,5,6,9,8,3,6,10,8,15,10,12,4,13,7,8,7,7,5,8,7,8,16,11,10,7,9,10,4,8,10,6,7,9,16,37,17,9,12,10,10,8,4,14,7,10,10,8,4,8,2,

291,0,0,14,39,122,33,24,19,25,16,11,21,53,14,14,67,36,18,7,13,7,8,27,18,19,12,16,4,10,11,17,9,16,19,7,5,12,7,5,7,11,9,24,16,9,8,22,16,23,13,19,12,13,16,20,24,11,15,22,17,19,13,14,15,20,15,19,21,85,30,37,33,20,18,18,19,31,18,29,13,25,14,14,4,

297,0,0,8,51,79,28,19,19,36,16,13,19,24,10,12,63,19,17,8,10,7,5,9,12,7,7,5,10,9,3,5,4,10,7,9,8,6,8,5,5,7,4,11,7,9,9,15,12,12,5,9,5,6,11,7,18,10,8,18,2,15,13,8,6,9,9,18,21,39,28,25,25,9,12,14,13,11,17,22,8,16,10,12,6,

300,0,0,6,48,155,40,35,38,52,23,27,39,70,25,13,95,56,34,24,23,16,11,46,40,36,25,14,24,20,27,36,18,30,27,15,16,13,8,11,21,22,12,24,25,27,11,33,20,24,17,21,36,24,29,24,53,37,21,39,17,33,39,42,28,21,25,36,43,94,49,49,41,38,29,37,38,35,22,28,33,34,31,26,7,

301,0,0,3,21,67,32,24,18,19,16,6,18,34,18,6,48,23,16,13,10,9,5,17,14,12,8,7,6,8,7,9,5,13,8,12,6,5,10,10,7,9,5,14,13,16,6,27,8,16,12,12,12,18,10,14,27,19,13,13,13,7,8,14,14,14,12,20,23,54,24,26,19,21,10,18,13,15,18,16,12,7,14,13,5,

302,0,0,7,45,131,33,40,43,57,34,27,29,43,14,9,66,40,25,7,5,2,8,13,18,22,13,8,16,15,12,10,1,7,4,5,5,8,12,4,7,15,7,11,4,1,10,7,8,10,6,6,6,9,4,5,9,8,7,4,6,5,5,5,6,4,4,7,9,23,13,5,9,9,7,8,3,3,5,9,3,4,4,5,0,

304,0,0,26,90,194,54,39,48,59,31,31,38,81,25,17,100,52,29,30,7,11,8,28,29,19,18,17,20,18,19,15,8,13,16,7,5,2,8,6,7,11,12,14,9,4,6,26,21,22,12,15,7,7,9,8,16,9,3,12,8,7,12,6,12,5,13,15,19,30,19,19,9,9,12,8,7,7,7,12,9,8,11,1,1,

306,0,0,23,70,226,72,71,60,68,51,40,49,96,33,21,106,64,35,31,19,16,14,54,44,29,29,16,25,20,22,23,11,23,19,16,10,18,14,32,38,28,26,26,23,28,8,38,36,35,18,23,18,24,17,31,43,32,16,21,22,33,26,26,15,20,19,36,44,115,45,39,35,40,33,42,36,31,27,20,27,27,24,15,12,

308,0,0,34,109,106,59,42,44,54,31,29,55,62,25,16,64,59,29,19,21,16,12,22,33,18,15,14,11,11,12,10,6,17,12,12,8,14,9,8,10,8,12,12,8,10,5,21,10,13,8,12,6,11,6,10,18,10,4,9,11,11,12,6,8,12,6,13,17,19,17,6,14,14,11,7,7,11,11,7,4,4,7,4,1,

316,0,0,3,106,186,62,36,35,23,67,71,89,130,31,19,113,61,41,30,33,22,11,42,89,65,48,33,27,32,22,35,21,22,22,22,16,12,20,13,27,22,17,44,29,32,23,63,49,36,29,32,31,34,40,44,56,52,32,58,36,55,43,61,41,47,53,95,82,295,79,88,56,56,58,93,63,64,53,71,68,70,55,37,23,

320,0,0,23,137,161,84,53,36,49,36,24,43,61,24,19,88,50,32,14,16,15,8,20,19,18,20,18,16,10,20,12,8,12,11,12,5,10,13,7,10,12,10,14,16,10,12,18,15,12,21,13,13,9,18,12,26,20,24,33,10,9,13,13,9,10,16,16,23,65,28,10,13,13,19,12,17,14,11,10,6,10,11,10,1,

322,0,0,4,59,110,36,24,23,38,23,12,28,55,19,12,55,29,12,12,5,8,6,18,14,16,9,18,10,11,5,11,3,12,8,7,6,7,9,5,7,8,7,9,11,6,6,9,10,6,8,5,4,11,4,7,13,2,4,8,6,3,9,10,2,10,3,8,13,30,15,12,9,10,10,7,5,7,8,9,10,6,7,7,3,

326,0,0,1,62,91,67,44,40,72,24,27,32,33,20,10,53,36,20,17,11,11,15,12,13,7,10,10,7,13,15,5,8,10,8,8,5,7,9,0,9,8,9,13,8,6,6,14,5,7,7,6,1,4,4,2,13,2,8,6,5,7,4,8,7,5,5,9,4,18,23,8,8,5,8,5,3,4,5,8,9,3,5,1,0,

329,0,0,2,58,115,38,36,27,43,27,24,29,40,15,12,50,30,27,17,6,4,9,12,14,8,4,7,8,10,12,4,3,5,11,4,5,6,10,3,6,8,8,21,10,6,2,6,6,4,2,6,9,5,4,8,11,3,4,6,7,7,10,9,7,4,6,12,8,11,13,7,8,3,7,8,6,3,1,3,1,5,3,1,0,

331,0,0,0,117,230,95,91,76,111,58,41,63,91,31,21,144,72,63,37,27,24,15,42,34,39,8,16,44,31,32,20,22,25,14,14,18,17,18,13,14,17,22,42,18,16,9,26,14,18,14,9,9,7,6,9,27,21,9,12,13,14,12,12,7,10,15,19,13,28,20,10,12,10,10,12,11,5,8,11,13,13,8,4,5,

339,0,0,0,53,176,59,45,37,35,27,58,83,141,28,23,128,73,43,29,27,23,19,58,65,57,37,36,32,21,23,41,27,25,23,20,28,17,23,8,21,21,11,40,34,28,16,32,29,29,21,29,27,20,21,34,54,39,34,44,25,30,22,41,29,32,25,59,55,149,76,75,51,58,35,62,52,52,32,57,49,41,33,31,17,

340,0,0,0,41,135,65,29,27,29,31,41,71,91,14,11,61,41,35,18,13,4,10,26,27,28,10,15,13,7,16,16,8,8,12,10,4,11,5,9,11,10,6,11,12,13,5,19,13,9,11,7,10,16,6,13,23,16,12,13,11,7,16,17,12,15,19,11,26,30,20,23,15,16,17,17,15,17,17,15,13,12,8,8,4,

341,0,0,0,11,31,49,59,37,52,24,17,54,60,52,28,92,39,34,22,10,20,9,10,15,18,10,9,10,8,10,15,10,10,5,10,9,8,6,3,10,14,8,17,16,3,7,21,10,10,20,14,7,8,10,10,17,8,15,8,8,11,10,15,8,12,10,10,13,39,19,13,15,12,15,13,12,13,13,14,15,8,7,12,5,

343,0,0,0,30,115,43,22,27,25,22,7,20,49,13,8,43,42,21,13,7,10,7,31,23,14,20,8,11,10,7,9,10,14,12,4,3,6,7,3,11,1,4,8,8,11,6,12,11,13,6,10,8,8,19,12,29,12,13,19,17,18,13,16,18,14,16,23,24,23,19,8,19,15,13,13,16,11,6,12,13,7,8,6,5,

344,0,0,0,30,102,32,38,27,45,31,13,29,30,7,5,52,39,29,10,6,14,13,19,18,10,11,11,14,15,8,11,5,7,8,9,5,10,6,9,14,13,11,5,9,7,7,18,12,13,13,9,5,4,11,12,21,10,8,8,10,6,6,7,10,4,8,14,16,35,24,12,12,12,11,14,17,10,9,15,12,12,11,10,2,

351,0,0,0,86,164,50,40,48,58,38,22,50,64,19,12,100,42,29,16,12,10,9,22,19,12,16,12,14,18,18,13,6,15,5,12,3,4,8,4,12,10,10,13,8,6,8,14,4,8,8,4,5,2,3,5,13,9,14,9,10,7,8,5,4,3,5,13,8,33,12,10,11,11,7,6,9,6,5,8,5,2,11,2,1,

354,0,0,0,44,123,35,27,38,42,28,26,28,54,23,13,63,48,22,13,7,12,20,76,45,23,16,10,7,16,15,7,9,11,12,8,8,4,9,7,12,14,7,11,8,11,6,23,20,25,12,15,13,16,15,15,21,25,13,14,9,11,13,13,12,7,15,17,28,50,28,22,25,21,19,21,19,23,19,19,12,19,16,4,7,

356,0,0,0,42,131,76,48,50,45,21,16,36,54,30,13,89,56,30,24,15,13,4,23,26,18,11,6,15,20,19,18,13,13,9,11,4,11,10,7,10,10,7,14,13,11,9,25,14,19,16,12,15,16,15,12,33,19,13,10,19,18,20,19,12,10,15,23,22,45,23,21,20,10,17,12,21,17,14,24,16,11,8,6,3,

357,0,0,0,63,166,62,69,52,60,30,38,49,100,29,11,111,59,36,22,17,16,12,34,39,38,23,27,43,35,26,31,17,23,26,39,28,15,15,10,21,20,12,36,18,18,13,43,39,34,38,22,28,33,27,10,41,37,26,31,24,28,24,32,31,33,12,34,37,98,46,38,47,42,27,37,21,32,22,28,15,17,12,16,2,

360,0,0,0,98,245,76,67,58,64,38,41,44,86,26,14,126,75,41,32,19,14,13,44,29,31,17,13,13,15,22,22,7,15,12,10,3,7,11,9,8,13,9,14,16,12,5,19,21,33,19,18,6,11,9,12,17,9,7,16,13,10,16,13,6,9,8,19,28,32,11,8,17,10,14,17,15,11,9,15,7,11,9,8,2,

361,0,0,0,34,108,53,49,46,48,33,37,41,49,21,29,112,61,41,17,11,13,11,38,27,19,11,13,16,13,21,18,16,13,13,15,7,13,7,13,4,9,8,19,11,13,7,33,21,15,20,21,12,18,13,22,27,26,13,20,18,17,9,18,14,18,15,23,29,71,37,34,28,19,25,22,22,29,17,27,20,16,17,11,8,

363,0,0,0,34,128,58,41,58,72,25,26,35,83,15,10,75,57,30,28,21,10,13,53,44,28,11,17,10,17,16,11,16,8,17,9,11,4,7,13,6,10,4,16,15,10,6,18,13,22,9,9,11,12,13,14,23,22,14,10,13,20,17,14,10,12,10,12,19,38,27,16,15,16,9,13,7,12,15,15,10,12,15,7,2,

364,0,0,0,65,200,73,65,65,70,50,52,62,93,37,16,114,74,48,27,23,24,9,29,27,19,18,14,12,21,23,23,14,18,15,12,8,16,19,8,12,15,14,22,32,15,9,26,16,21,16,23,17,21,15,15,23,16,14,21,20,13,16,17,12,18,22,24,22,72,44,18,25,18,20,11,16,15,15,21,13,19,14,7,1,

370,0,0,0,56,422,246,169,152,157,84,90,120,127,49,47,385,186,151,91,60,65,45,136,136,110,73,71,88,86,84,68,41,68,52,53,38,47,34,33,57,58,54,103,57,53,34,84,52,51,31,64,72,47,40,45,83,59,53,60,39,44,60,46,53,85,43,88,92,353,137,120,124,76,69,88,74,74,58,91,72,77,69,68,17,

396,0,0,0,0,118,120,74,81,45,22,60,137,241,87,30,199,129,72,54,44,32,19,80,128,86,60,59,59,44,54,43,33,39,27,31,24,26,23,32,32,26,24,59,51,34,26,68,47,54,41,56,63,76,67,56,73,55,50,62,50,49,52,58,56,70,71,78,97,318,170,167,118,82,75,93,73,100,101,105,101,110,78,69,24,

397,0,0,0,1,25,66,55,67,68,37,19,24,53,84,49,157,58,42,34,27,11,9,25,35,20,13,18,19,14,20,19,12,10,15,15,12,11,3,8,7,21,14,23,14,12,8,31,23,30,22,35,17,13,29,24,40,21,22,31,17,22,18,19,16,18,20,29,30,70,33,35,24,36,20,15,24,23,27,24,21,35,12,11,3,

399,0,0,0,3,143,73,44,31,49,20,16,30,42,18,11,73,28,19,13,4,7,4,11,8,13,6,10,3,10,11,4,4,10,7,12,6,7,11,3,8,12,12,11,9,6,5,13,5,15,4,8,6,4,6,4,17,8,6,5,5,6,4,6,1,9,4,10,13,27,13,4,11,7,8,4,7,1,3,8,7,8,7,8,1,

405,0,0,0,0,4,20,22,28,26,11,19,18,23,16,5,77,61,40,25,11,9,6,21,27,15,16,10,11,15,15,21,12,11,17,14,12,5,8,9,11,20,12,28,19,15,9,21,11,14,7,17,7,4,10,7,13,12,7,7,14,8,10,6,5,12,11,17,8,26,12,13,9,8,10,8,10,9,4,14,10,8,8,3,3,

406,0,0,0,0,16,106,81,59,36,33,23,30,90,61,66,320,125,57,43,28,33,18,44,63,44,38,28,26,20,30,44,17,35,35,21,19,21,23,18,30,43,22,83,43,26,29,49,35,32,34,42,21,29,30,43,45,33,35,43,23,35,49,45,25,38,30,55,50,147,60,102,63,44,37,46,39,38,38,52,32,55,46,24,12,

411,0,0,0,0,160,51,32,33,40,24,21,38,51,28,10,65,42,15,15,12,8,11,14,14,14,14,7,11,11,14,11,10,14,11,11,7,6,15,1,10,5,12,16,10,10,4,12,17,11,8,13,7,13,13,10,24,14,10,15,9,10,12,11,16,25,23,22,14,47,17,21,21,14,11,9,13,10,12,13,14,9,16,15,1,

415,0,0,0,0,31,87,51,25,14,11,40,75,103,28,11,121,63,39,22,20,21,14,33,48,34,21,23,18,16,20,17,11,23,22,14,12,13,10,12,22,13,12,48,26,19,16,22,17,21,12,13,18,14,14,18,23,25,14,31,20,25,16,24,14,20,17,31,27,71,27,35,28,20,17,13,20,17,25,29,20,17,22,15,5,

416,0,0,0,0,28,151,93,78,65,102,116,163,181,54,39,265,160,98,64,40,30,29,86,79,80,38,49,50,58,58,59,30,42,41,36,23,27,31,18,41,51,39,79,52,33,29,61,36,39,34,38,32,25,37,34,48,27,24,46,27,39,37,33,34,33,31,61,41,134,58,58,51,36,40,46,29,39,25,38,29,24,26,23,8,

417,0,0,0,0,39,184,106,83,55,30,36,115,138,67,28,186,88,56,42,27,26,22,45,51,51,25,30,38,43,31,42,16,31,23,23,22,25,22,17,32,41,21,55,39,23,18,65,38,37,31,23,14,22,27,29,59,41,34,33,28,32,31,38,36,68,30,85,65,161,72,66,42,39,27,28,21,40,32,33,61,55,47,31,13,

419,0,0,0,0,1,28,61,37,16,1,6,20,63,31,14,109,63,33,23,22,18,7,42,55,18,17,17,13,17,16,18,13,18,12,10,5,5,13,11,10,7,5,15,8,10,11,15,15,16,13,6,10,11,7,5,11,7,8,7,11,9,9,6,13,17,5,12,17,64,25,24,12,14,15,9,11,13,15,18,19,8,15,10,6,

426,0,0,0,0,1,16,34,17,10,4,26,48,66,29,4,28,18,11,10,14,8,9,11,16,14,8,12,7,11,4,10,8,9,7,4,6,7,4,3,7,8,10,17,6,5,5,15,12,18,15,9,8,8,11,14,16,13,9,15,11,10,22,12,11,11,13,19,15,56,28,24,12,20,20,17,14,24,12,10,21,19,12,11,2,

432,0,0,0,0,0,31,56,55,69,29,25,30,53,18,10,75,38,23,16,7,9,5,17,21,20,16,10,16,15,12,11,4,9,10,9,6,7,11,8,5,13,12,9,5,5,8,10,9,9,1,9,10,8,8,13,8,10,5,6,10,4,4,4,3,6,8,14,24,43,15,18,8,12,8,10,14,8,9,14,12,14,11,7,2,

434,0,0,0,0,0,105,72,31,30,22,17,30,47,16,8,51,33,27,17,11,8,3,18,17,19,14,11,7,8,15,13,9,13,8,5,3,6,10,5,9,3,6,12,7,4,5,16,10,18,15,20,11,13,20,20,16,14,14,16,16,14,16,12,9,9,14,11,29,71,34,42,34,24,25,24,23,18,21,25,20,22,27,14,4,

438,0,0,0,0,0,44,49,44,37,29,24,32,58,27,12,66,50,32,22,16,10,14,15,24,18,16,16,16,16,24,16,12,11,9,12,8,6,4,4,11,14,13,26,11,12,5,9,5,9,7,3,4,6,6,5,7,5,5,8,9,5,6,6,2,6,3,10,12,48,17,9,14,4,4,10,14,7,12,9,1,4,4,4,1,

443,0,0,0,0,0,21,123,87,76,43,46,34,125,37,23,98,73,44,29,19,19,13,52,55,36,31,15,20,18,22,19,13,24,12,20,10,15,15,9,11,20,16,20,14,14,11,32,24,27,20,20,17,24,22,21,33,24,21,26,16,27,20,17,6,11,18,31,27,63,28,28,29,30,12,19,23,21,11,15,24,21,16,7,8,

464,0,0,0,0,0,57,76,61,37,25,19,39,63,14,13,77,42,18,15,5,14,11,17,16,20,10,17,13,8,18,14,8,9,17,10,5,10,13,10,17,14,7,16,9,9,4,17,13,16,12,17,9,12,12,16,24,16,9,16,13,10,6,13,9,13,11,7,19,66,33,12,21,15,16,13,19,13,8,11,8,18,12,9,4,

465,0,0,0,0,0,16,35,34,36,16,19,25,38,19,9,49,35,30,13,7,9,12,18,19,17,9,5,13,4,5,16,9,9,7,6,5,3,3,6,12,5,9,10,19,12,9,13,10,10,11,6,5,12,11,9,16,15,16,9,9,7,12,9,8,10,12,12,23,32,17,17,12,5,13,11,15,12,13,12,11,8,12,7,2,

470,0,0,0,0,0,5,79,44,52,31,18,28,51,24,15,88,42,35,20,20,12,12,34,36,28,12,17,17,12,13,19,18,17,10,10,12,14,6,10,10,16,4,17,21,10,8,26,20,22,25,23,16,26,22,19,38,37,19,23,20,20,22,21,30,23,21,29,40,89,46,35,40,36,24,30,21,33,30,27,23,31,23,14,6,

471,0,0,0,0,0,59,89,80,83,44,44,63,106,43,23,150,89,45,50,31,29,15,53,81,81,60,42,18,16,34,30,15,23,22,27,21,21,17,15,19,20,25,46,28,31,9,51,38,37,23,23,37,30,29,21,64,39,40,53,30,42,52,54,38,32,37,59,68,204,79,58,56,54,46,41,36,36,33,40,32,38,37,26,14,

473,0,0,0,0,0,38,117,72,58,40,45,56,93,37,28,173,95,60,37,26,19,17,57,43,46,19,21,29,17,19,22,17,17,20,22,19,5,16,12,16,12,19,34,16,16,11,39,23,39,25,28,22,24,20,22,55,31,35,34,50,35,31,23,21,23,31,28,49,78,49,32,36,35,19,21,37,30,26,21,38,28,21,18,5,

474,0,0,0,0,0,44,127,91,108,65,53,65,124,32,20,141,100,48,35,25,16,22,55,57,53,25,24,19,30,25,25,16,18,21,19,19,13,12,14,18,12,9,24,16,16,11,63,49,62,19,23,18,29,25,18,32,24,24,20,23,19,21,19,15,19,21,30,35,71,44,42,26,33,21,25,20,28,12,21,24,15,19,26,4,

478,0,0,0,0,0,74,96,65,43,30,22,50,38,20,10,97,43,31,13,7,13,9,15,8,15,4,8,9,11,17,13,9,10,3,12,5,5,13,5,10,4,9,6,6,7,5,11,6,12,13,6,6,6,9,3,12,8,5,5,3,7,5,10,3,4,6,10,5,37,18,4,5,8,7,9,5,2,8,11,4,3,8,2,2,

483,1,0,0,0,0,25,47,31,32,30,19,29,44,13,13,67,38,24,8,15,7,8,14,6,4,14,8,5,10,6,6,7,10,6,8,6,3,4,2,4,6,5,15,14,16,7,16,4,12,2,10,8,11,10,9,8,6,4,7,8,10,9,8,5,6,7,11,14,26,25,11,14,7,14,9,15,10,7,13,3,13,7,5,2,

484,0,0,0,0,0,27,44,34,44,17,21,32,47,18,14,78,48,25,20,21,10,9,22,23,14,15,11,11,7,10,14,5,10,14,10,7,6,11,8,11,11,7,13,15,13,7,22,14,9,21,43,21,16,14,14,21,14,13,16,8,18,15,15,11,8,6,16,17,45,29,27,22,15,10,11,13,14,10,11,11,15,6,5,4,

488,0,0,0,0,0,5,27,32,28,14,17,23,33,13,8,54,38,21,13,8,3,7,22,17,27,13,10,10,10,13,8,11,18,11,9,7,6,4,9,7,6,4,9,13,16,7,31,7,15,15,17,16,15,11,11,11,13,13,12,20,9,11,11,9,13,7,10,23,53,22,27,18,24,18,13,13,16,18,16,8,17,10,9,3,

492,0,0,0,0,0,0,3,5,1,3,1,2,6,2,2,15,10,7,6,8,6,4,7,17,12,8,15,6,8,3,11,2,4,12,11,14,15,6,5,5,9,2,20,13,11,8,22,9,24,16,16,27,25,14,22,23,27,15,26,10,19,25,24,23,22,17,23,32,73,34,52,43,33,31,34,21,29,24,39,26,40,34,28,8,

503,0,0,0,0,0,0,15,27,17,11,9,27,71,36,16,78,39,28,25,13,16,10,41,55,42,25,14,13,18,18,22,13,17,13,14,11,13,9,8,10,12,10,43,14,13,13,12,7,8,5,7,7,5,9,11,13,9,7,5,5,10,13,7,7,4,4,19,15,19,13,16,11,15,7,6,2,7,4,5,6,9,6,9,2,

505,0,0,0,0,0,0,16,26,25,12,11,8,21,9,12,97,50,42,25,16,10,11,28,27,24,21,18,10,11,18,25,9,18,16,19,12,17,13,11,14,17,5,35,28,14,8,21,11,15,9,8,9,17,16,18,18,9,12,16,18,32,29,16,19,16,12,29,25,57,26,41,22,14,16,21,21,17,16,15,16,19,21,11,5,

506,0,0,0,0,0,0,18,36,18,11,10,15,79,25,22,74,45,28,25,22,13,8,43,39,44,13,14,11,12,18,20,8,11,9,9,6,11,6,5,11,13,11,18,19,9,5,21,8,10,21,11,19,21,7,10,24,13,18,21,12,14,21,15,21,13,20,20,19,45,25,22,10,19,16,15,11,17,15,13,17,18,12,10,3,

516,0,0,0,0,0,0,15,82,58,23,13,13,12,6,4,61,44,28,28,48,110,54,102,52,42,25,28,27,27,36,35,19,28,19,21,21,17,19,12,21,28,18,30,24,21,18,51,28,35,32,31,20,21,31,20,27,23,20,19,25,18,28,23,10,22,23,43,33,65,38,26,37,26,18,26,14,24,19,14,17,23,16,9,7,

525,0,0,0,0,0,0,2,12,36,17,11,16,21,23,24,68,35,28,14,13,9,10,13,13,21,10,14,13,11,16,19,8,10,11,14,7,14,9,3,13,16,9,23,16,12,11,27,15,24,10,23,12,18,15,20,17,15,17,14,15,12,23,15,14,13,10,17,23,52,29,21,23,12,19,14,11,10,12,15,8,15,15,6,2,

529,0,0,0,0,0,0,33,60,74,40,33,44,49,18,18,85,43,26,23,13,10,13,16,9,17,11,10,23,20,16,14,5,11,13,7,8,5,12,1,6,10,8,17,13,4,6,17,9,15,11,7,4,4,7,7,12,8,4,6,9,5,9,3,0,6,8,12,11,41,7,4,12,7,4,7,8,7,5,16,6,7,14,5,2,

545,0,0,0,0,0,0,12,69,72,44,27,39,63,18,15,81,45,38,20,15,10,8,26,26,26,19,12,16,18,16,34,24,27,12,7,4,5,15,9,8,12,13,17,6,8,9,15,12,13,9,10,7,9,12,9,17,6,12,6,5,8,10,3,3,8,7,7,12,34,11,7,12,6,12,11,6,6,14,11,6,9,8,10,2,

546,0,0,0,0,0,0,11,76,70,38,33,35,59,28,21,77,65,30,21,11,11,8,32,35,28,15,8,14,15,18,16,7,12,17,18,9,8,13,8,12,12,12,22,6,8,14,20,11,28,14,13,12,21,21,14,14,17,18,16,11,12,19,10,5,9,14,17,23,64,37,25,23,15,20,23,20,23,22,20,19,19,15,15,4,

547,0,0,0,0,0,0,22,116,108,78,58,71,135,44,29,155,90,51,38,25,20,23,50,49,39,24,16,36,25,28,17,16,38,28,41,22,13,20,11,12,23,11,25,11,19,2,32,26,32,14,14,9,13,14,20,30,19,14,19,10,23,15,7,12,10,10,23,22,45,22,16,17,19,16,20,7,14,16,20,11,16,15,6,7,

548,0,0,0,0,0,0,21,121,115,40,38,72,92,33,24,153,58,62,35,19,21,17,54,50,28,28,17,19,22,30,29,16,23,17,16,8,16,24,11,18,22,21,32,22,17,20,24,13,20,12,23,9,21,17,21,19,11,17,19,10,13,10,11,7,15,13,29,25,80,35,30,36,26,24,28,24,18,11,24,16,20,19,14,3,

549,0,0,0,0,0,0,20,110,109,53,45,73,113,49,26,202,83,55,29,26,14,5,47,51,38,31,25,33,33,23,22,16,22,21,14,17,18,16,15,19,24,19,31,14,24,15,28,22,34,23,22,14,16,20,17,34,20,15,19,12,15,32,16,11,13,13,28,24,78,34,21,30,24,22,34,20,18,9,21,15,13,21,16,2,

561,0,0,0,0,0,0,13,90,39,29,27,49,88,20,14,137,72,37,30,20,16,20,36,48,31,24,24,21,13,23,18,12,14,21,13,13,19,15,13,14,19,16,24,14,14,15,25,27,21,19,18,23,16,29,55,34,29,20,31,18,11,22,20,20,23,22,22,32,61,35,37,35,27,24,20,23,24,24,22,17,30,25,13,9,

568,0,0,0,0,0,0,18,100,85,46,36,52,71,33,23,81,51,36,24,21,19,14,44,52,52,42,19,26,22,27,25,20,20,27,27,11,9,16,14,21,19,10,25,25,28,14,30,17,18,18,23,19,17,21,18,22,25,14,21,18,18,17,21,13,18,16,32,31,87,57,20,22,29,15,22,20,18,16,20,12,14,14,13,4,

578,0,0,0,0,0,0,0,54,133,83,68,48,107,100,92,247,118,98,81,67,58,42,104,129,113,60,67,68,62,70,58,38,42,40,33,30,27,27,25,37,55,30,81,56,33,33,66,29,44,34,55,61,56,35,30,85,75,61,70,58,49,46,36,34,49,28,58,66,181,68,71,45,52,46,46,38,51,38,52,63,42,34,25,9,

584,0,0,0,0,0,0,0,222,175,95,72,104,152,51,31,195,106,86,48,43,39,24,61,62,50,29,25,31,30,29,20,24,37,19,22,16,25,26,11,22,20,24,41,67,47,33,66,37,44,30,35,17,27,21,20,47,33,36,47,43,35,61,47,29,39,21,47,43,145,83,61,68,62,34,54,42,36,31,37,35,43,23,17,9,

587,0,0,0,0,0,0,0,140,115,72,56,74,166,55,32,184,102,62,62,30,22,24,82,95,56,52,35,43,40,37,31,23,30,40,28,18,21,25,18,22,36,26,43,32,31,17,38,30,32,65,91,64,53,36,27,41,31,19,22,22,30,27,24,22,22,23,42,57,107,62,54,44,42,34,35,39,36,27,35,41,43,29,21,12,

590,0,0,0,0,0,0,0,121,86,58,43,67,87,29,26,132,82,44,31,18,30,25,34,30,23,23,17,25,15,31,18,14,22,14,10,12,6,10,10,12,24,13,27,17,16,24,51,22,24,7,18,7,10,13,15,19,17,12,14,14,10,15,14,13,8,8,21,15,50,21,17,27,17,8,19,13,8,10,14,10,9,13,13,4,

599,0,0,0,0,0,0,0,108,104,50,37,48,71,28,18,126,57,34,22,14,17,12,32,22,15,22,12,19,19,27,13,12,16,17,16,12,14,12,5,9,26,17,29,18,15,16,19,12,19,10,11,10,6,20,11,18,10,10,10,10,8,9,8,10,6,7,22,12,65,19,13,26,20,12,14,13,9,15,23,6,14,19,14,1,

609,0,0,0,0,0,0,0,143,87,45,53,61,118,45,32,129,93,54,42,24,22,16,37,57,50,33,29,34,30,36,22,14,33,17,21,23,11,12,17,20,25,21,34,27,18,15,51,33,37,34,43,34,39,30,32,83,46,35,49,37,50,39,35,34,40,39,55,68,218,68,78,58,46,49,43,47,52,56,60,63,57,37,21,12,

611,0,0,0,0,0,0,0,78,41,25,25,16,64,15,18,123,57,30,12,14,9,6,39,33,17,8,10,11,13,7,12,12,19,8,13,7,5,6,6,12,8,6,16,11,8,4,14,9,28,12,15,10,12,11,7,28,19,8,10,15,14,14,15,16,19,7,13,18,34,17,15,5,17,10,9,13,16,13,7,13,15,9,7,3,

620,0,0,0,0,0,0,0,56,65,25,25,34,38,24,9,61,31,23,16,8,9,8,10,15,4,9,9,13,7,14,6,3,12,8,8,7,3,7,4,9,12,11,7,15,3,6,12,8,27,17,11,4,3,8,6,13,9,8,10,4,7,8,9,6,4,3,14,14,31,25,13,27,8,7,23,13,8,7,10,17,16,16,14,2,

623,0,0,0,0,0,0,0,97,85,26,28,44,74,17,15,86,46,28,18,18,14,13,32,25,20,16,7,23,21,16,14,8,11,8,17,17,22,25,7,6,13,10,16,13,6,4,11,7,14,9,12,3,8,14,14,17,10,8,11,8,8,8,6,4,3,6,17,25,59,34,14,22,15,11,14,8,15,8,18,12,14,20,13,3,

626,0,0,0,0,0,0,0,180,239,83,73,104,175,59,44,254,121,73,48,25,28,26,108,116,96,57,38,38,43,47,67,33,34,34,30,26,19,44,40,47,45,33,72,46,35,22,62,33,44,37,28,56,58,62,41,69,59,58,66,44,56,58,43,42,28,31,64,68,159,70,53,57,42,38,49,43,38,34,48,43,59,44,33,23,

629,0,0,0,0,0,0,0,56,60,23,32,39,86,22,13,77,46,32,15,11,11,12,22,29,24,14,10,10,17,16,22,10,10,13,17,7,13,10,6,14,14,14,24,16,11,6,19,10,10,11,11,3,6,12,10,22,14,5,17,9,17,17,14,7,13,5,17,17,37,18,15,15,11,8,8,18,12,10,18,12,12,16,3,2,

632,0,0,0,0,0,0,0,51,56,25,21,21,53,26,22,58,38,22,15,11,14,14,18,18,16,12,12,12,7,22,17,9,14,7,6,6,6,10,6,17,10,9,16,7,14,7,17,18,13,4,15,15,9,11,11,17,11,16,12,7,13,15,6,9,10,9,20,17,47,26,17,16,12,11,12,9,14,5,16,9,10,6,8,1,

634,0,0,0,0,0,0,0,1,181,95,79,73,72,40,107,363,194,77,83,65,40,28,76,80,68,47,46,45,50,49,48,32,41,34,43,24,18,33,18,35,40,38,76,58,37,42,87,75,85,50,74,74,66,82,70,113,63,58,89,71,49,85,61,47,40,43,83,74,266,104,82,76,59,54,46,49,51,56,68,55,48,55,40,8,

638,0,0,0,0,0,0,0,22,62,17,18,21,33,10,13,52,34,17,17,14,10,13,25,18,19,11,9,10,13,11,11,5,7,10,9,5,1,5,21,12,10,9,12,14,9,5,12,9,17,8,26,30,26,16,12,27,12,16,12,12,14,11,16,12,8,18,20,19,62,20,16,27,19,17,19,17,20,12,18,17,15,17,9,1,

644,0,0,0,0,0,0,0,44,80,19,15,26,41,15,6,52,30,27,12,6,9,7,21,14,14,12,11,11,12,9,12,3,7,1,7,1,10,7,6,8,11,12,14,3,16,9,17,9,12,9,20,3,9,10,4,12,10,7,8,6,8,5,3,2,8,7,6,17,50,22,10,19,6,6,16,14,14,13,18,12,7,13,9,1,

645,0,0,0,0,0,0,0,71,146,42,43,60,121,33,21,149,94,43,35,22,18,18,54,67,40,33,32,25,27,35,30,21,28,21,22,21,18,15,18,22,15,27,33,21,19,14,36,26,26,22,31,23,25,16,18,38,22,21,29,24,26,30,22,18,22,20,33,44,115,48,40,45,40,24,34,35,35,27,36,32,34,25,23,9,

650,0,0,0,0,0,0,0,72,142,44,44,52,68,28,20,150,59,44,29,23,13,19,39,16,23,23,16,15,28,24,12,14,18,10,8,8,13,12,14,13,18,10,19,8,14,11,24,13,19,15,14,13,9,12,14,16,14,10,11,14,11,15,6,9,9,10,21,19,51,30,17,24,16,13,17,14,10,9,20,11,10,19,10,1,

651,0,0,0,0,0,0,0,44,68,20,22,27,48,18,8,44,31,39,11,7,12,7,10,17,18,12,10,18,15,13,12,2,11,8,5,5,7,7,6,7,7,10,10,8,8,7,21,15,8,12,9,12,6,8,8,17,8,5,12,7,12,4,7,2,8,3,9,13,20,17,11,14,8,12,15,11,11,11,7,7,8,5,5,0,

653,0,0,0,0,0,0,0,32,87,24,13,20,41,14,9,58,28,45,25,15,9,2,19,24,16,8,22,13,17,8,17,11,12,12,8,8,9,12,6,7,11,14,12,6,5,5,21,9,17,15,13,6,8,16,12,15,9,7,12,5,11,5,4,4,10,11,14,23,55,20,16,16,14,14,9,15,14,14,12,12,12,14,22,1,

654,0,0,0,0,0,0,0,30,68,18,15,22,68,16,8,59,34,17,11,8,14,5,17,18,16,14,21,25,26,15,10,3,12,8,6,6,2,8,2,7,8,3,14,7,8,1,13,11,13,8,10,9,13,6,10,14,5,10,12,4,8,12,7,6,7,3,10,25,43,24,16,19,8,12,13,15,14,10,14,9,13,12,9,3,

656,0,0,0,0,0,0,0,0,2,49,49,37,40,12,8,176,115,121,56,22,31,21,66,93,61,19,26,33,33,37,30,16,19,21,24,19,18,17,12,10,21,16,40,26,19,13,38,15,23,23,13,18,27,16,19,30,24,18,18,20,17,15,9,11,25,13,24,36,55,28,27,27,23,23,16,19,21,16,16,16,18,13,13,4,

668,0,0,0,0,0,0,0,17,141,65,43,42,87,32,21,99,72,39,33,20,15,16,35,22,26,18,12,14,11,20,15,11,18,8,19,13,6,17,7,11,9,10,16,16,15,10,23,16,18,17,13,13,13,8,12,23,24,10,15,9,18,11,4,8,13,13,23,20,68,19,18,19,16,10,11,10,11,8,9,9,14,6,7,2,

669,0,0,0,0,0,0,0,25,147,68,57,71,144,46,31,157,102,72,38,38,36,28,103,102,83,55,51,47,40,60,44,30,44,32,28,28,30,16,17,20,29,22,42,46,28,11,39,34,24,28,30,41,36,32,46,59,43,33,51,35,41,64,53,47,38,32,48,47,178,69,95,56,37,41,46,37,40,33,51,41,34,32,32,14,

674,0,0,0,0,0,0,0,0,24,19,11,17,19,23,28,118,46,17,26,13,10,8,26,36,34,21,15,19,17,21,21,12,11,16,12,10,14,12,9,14,13,10,23,24,11,11,26,18,16,13,14,10,10,13,18,34,21,8,28,21,16,16,16,20,15,10,31,21,70,25,24,23,32,23,24,14,19,18,19,19,16,22,10,5,

675,0,0,0,0,0,0,0,0,49,52,37,35,14,11,20,85,58,45,39,23,16,8,34,30,31,24,21,12,16,16,21,14,14,9,9,7,8,5,8,10,11,11,17,9,9,7,23,7,13,11,9,11,7,11,5,15,10,8,2,8,5,16,8,4,11,8,13,12,34,15,10,6,13,6,12,5,12,5,9,7,6,5,5,5,

680,0,0,0,0,0,0,0,0,184,71,62,81,82,34,19,158,74,40,32,15,17,22,28,37,36,22,18,20,25,26,21,10,18,13,16,12,9,9,5,9,14,19,37,13,6,8,16,10,10,7,10,6,5,5,7,11,9,6,8,7,8,6,6,5,6,4,16,12,23,7,5,5,1,7,6,2,2,3,6,2,4,7,6,2,

682,0,0,0,0,0,0,0,0,121,49,35,37,44,29,12,66,39,22,20,7,13,5,14,23,11,10,16,17,20,14,13,4,7,8,13,7,6,7,5,10,13,14,14,5,7,9,13,10,9,15,24,14,9,11,4,16,11,8,6,4,7,12,6,6,8,4,11,9,36,17,8,9,4,7,6,4,8,6,8,8,5,4,7,2,

688,0,0,0,0,0,0,0,0,110,31,22,42,51,17,12,66,34,24,17,8,8,7,24,36,19,34,20,23,25,15,17,8,7,13,9,6,4,11,9,10,16,7,15,6,13,5,15,7,13,13,18,8,12,8,10,24,11,10,10,7,11,13,10,5,7,8,7,20,47,24,16,23,11,17,17,15,13,8,13,5,9,9,8,1,

689,0,0,0,0,0,0,0,0,154,89,51,52,123,42,16,114,73,46,31,18,17,21,54,58,37,34,18,23,22,29,26,13,27,20,19,11,13,15,9,16,19,20,24,8,20,11,38,33,39,22,14,27,29,21,25,42,38,21,26,25,15,21,27,22,18,22,28,41,113,40,42,50,32,32,24,32,34,29,26,26,35,24,20,5,

692,0,0,0,0,0,0,0,0,13,51,42,28,41,19,27,184,96,80,45,18,17,14,44,70,41,28,11,16,21,25,27,18,11,12,18,8,7,6,5,10,17,9,18,11,6,7,21,15,19,14,9,13,13,11,15,22,14,12,9,18,12,15,8,7,15,11,11,18,26,15,20,7,10,10,12,10,12,8,8,10,6,4,12,2,

693,0,0,0,0,0,0,0,0,1,26,28,30,16,7,7,26,23,45,39,33,20,4,15,24,20,20,12,8,23,13,19,9,14,14,12,5,12,13,4,9,13,21,26,20,14,18,22,16,18,17,23,17,16,29,27,29,30,19,24,19,13,23,24,13,22,18,32,28,100,41,38,29,40,17,18,23,23,25,28,16,23,22,11,9,

706,0,0,0,0,0,0,0,0,0,152,170,171,227,95,60,308,315,239,213,106,85,61,231,247,169,83,106,93,84,102,100,63,77,70,63,48,50,40,36,57,62,47,127,109,66,53,118,88,101,85,101,95,82,89,84,136,114,90,116,84,88,77,80,90,81,63,122,121,354,166,189,145,103,84,128,105,122,93,121,128,96,98,70,28,

728,0,0,0,0,0,0,0,0,0,91,47,60,86,24,15,74,70,38,26,23,12,16,35,35,27,27,9,17,11,22,12,8,19,17,16,7,4,11,5,8,14,10,17,11,17,6,17,20,12,8,13,6,13,8,15,22,20,13,9,10,17,18,14,8,9,13,20,15,28,21,11,17,16,12,15,12,6,10,4,8,8,8,11,2,

735,0,0,0,0,0,0,0,0,0,15,28,13,37,10,3,30,29,59,39,38,15,5,66,84,39,18,29,24,25,13,32,18,21,20,19,16,14,5,8,16,12,7,30,33,18,15,16,10,14,11,5,6,12,8,17,10,17,15,13,10,17,17,14,11,11,12,15,17,61,21,27,15,13,13,9,7,15,12,15,13,20,13,15,3,

740,0,0,0,0,0,0,0,0,0,22,90,75,109,25,21,134,84,56,50,28,31,16,74,69,71,27,29,27,30,34,25,18,20,12,23,21,21,10,26,19,25,16,36,26,18,14,17,11,21,9,15,12,17,15,24,38,22,14,17,18,19,18,22,23,22,21,43,53,131,35,35,44,51,45,29,33,47,19,36,38,26,34,29,14,

741,0,0,0,0,0,0,0,0,0,7,72,50,58,16,20,182,83,70,31,24,14,9,34,23,33,17,17,11,15,29,13,11,11,11,12,8,16,7,11,11,10,10,21,25,23,13,36,19,24,15,21,17,20,22,27,36,25,20,23,16,17,16,23,11,18,15,25,23,56,30,31,28,21,11,17,16,21,13,20,14,13,22,6,2,

749,0,0,0,0,0,0,0,0,0,37,26,34,62,14,13,47,28,23,19,12,5,7,19,19,24,7,6,7,9,11,13,6,11,12,13,3,6,8,9,9,16,20,16,10,10,7,24,12,16,8,7,7,14,12,9,26,11,12,13,5,9,12,8,7,11,11,18,23,38,25,12,15,9,14,7,14,13,7,14,8,12,9,8,2,

758,0,0,0,0,0,0,0,0,0,16,38,42,107,27,16,78,43,24,28,14,11,7,18,28,27,12,18,18,15,11,16,10,15,9,8,4,6,10,7,10,12,11,17,7,5,8,8,11,12,13,13,7,11,10,13,15,9,10,15,7,12,8,9,7,12,14,15,17,46,22,18,15,18,10,13,17,9,10,16,11,15,14,7,2,

768,0,0,0,0,0,0,0,0,0,47,119,87,168,58,28,185,105,63,43,32,30,20,53,65,55,43,29,35,43,33,51,21,45,30,22,17,20,22,13,21,26,25,44,36,24,20,51,35,43,23,34,34,23,32,41,59,40,20,39,25,51,52,41,25,31,28,43,46,125,51,43,49,43,33,49,43,43,34,45,39,32,30,32,3,

778,0,0,0,0,0,0,0,0,0,12,25,25,51,17,12,64,36,15,18,14,6,5,18,17,13,14,10,12,15,8,12,3,12,9,8,3,7,6,3,8,4,10,15,11,5,2,18,6,13,11,10,0,14,12,15,19,15,4,12,10,15,11,10,14,14,9,17,27,64,37,39,26,15,15,20,39,19,22,38,17,19,26,16,6,

780,0,0,0,0,0,0,0,0,0,19,77,66,99,42,21,139,81,44,27,25,15,17,27,25,23,32,30,32,43,24,17,9,24,19,21,15,7,16,7,17,13,19,34,18,16,11,34,21,22,19,12,12,14,12,23,19,9,14,16,8,15,21,11,6,17,11,28,33,71,37,15,33,21,11,15,20,9,11,18,14,15,19,15,7,

792,0,0,0,0,0,0,0,0,0,5,38,31,58,25,11,52,39,20,12,15,2,5,21,26,24,12,13,8,13,20,22,10,13,21,9,9,10,4,11,10,10,4,15,12,13,3,13,6,14,5,13,6,13,7,13,18,20,19,22,13,13,11,16,13,13,18,12,27,33,22,18,23,9,12,15,14,12,12,14,11,8,14,13,0,

793,0,0,0,0,0,0,0,0,0,17,69,58,87,28,12,93,52,42,25,13,8,8,22,17,20,13,15,13,19,14,15,6,12,13,10,9,9,9,6,8,18,14,19,12,12,8,13,9,14,7,9,9,9,5,11,14,8,7,5,9,10,7,3,3,5,14,17,11,25,11,5,6,8,11,9,7,7,9,5,4,6,8,6,0,

796,0,0,0,0,0,0,0,0,0,19,91,91,128,38,31,146,89,46,34,19,22,13,40,43,36,31,18,24,30,33,42,11,27,20,13,13,16,18,6,23,24,17,46,36,27,12,28,26,26,15,21,17,17,13,29,31,26,19,27,7,31,28,22,23,19,9,17,34,84,29,38,36,30,19,19,26,25,18,17,26,22,24,4,5,

797,0,0,0,0,0,0,0,0,0,21,76,81,134,48,23,170,96,54,29,22,23,12,45,43,32,35,29,18,31,30,32,13,31,30,12,20,18,14,12,21,21,24,53,43,30,21,29,31,31,17,21,18,23,13,26,26,18,21,31,9,28,28,23,20,20,21,22,33,89,35,48,41,26,22,21,28,26,22,22,20,23,23,11,8,

810,0,0,0,0,0,0,0,0,0,0,16,18,44,15,8,35,21,46,48,36,17,10,42,68,45,17,37,24,20,22,24,15,17,15,23,11,12,8,13,19,13,9,37,28,11,9,20,9,15,9,12,14,15,5,15,20,16,18,9,9,15,12,14,10,19,18,11,20,51,29,20,22,19,16,21,16,21,12,15,17,18,20,9,1,

821,0,0,0,0,0,0,0,0,0,0,60,67,51,25,11,107,52,49,45,21,14,14,21,22,15,19,15,14,13,18,13,2,14,5,11,8,6,10,10,10,13,18,22,8,7,7,16,13,15,10,14,11,8,13,10,15,10,13,9,8,6,15,12,7,10,11,21,22,53,35,12,18,9,11,12,15,10,6,8,11,14,10,10,1,

826,0,0,0,0,0,0,0,0,0,0,76,63,63,33,12,99,48,29,14,18,21,11,27,21,19,10,18,18,6,15,20,8,8,7,11,9,6,9,7,12,13,14,37,25,7,3,27,8,16,8,13,6,10,9,13,21,7,16,11,9,12,16,11,9,11,13,11,18,63,29,17,22,14,19,15,22,11,10,21,12,12,11,12,3,

831,0,0,0,0,0,0,0,0,0,0,30,28,48,20,9,64,33,15,13,9,9,11,50,31,30,9,8,10,7,14,13,1,8,16,6,6,7,15,10,15,15,10,11,10,13,2,17,14,20,8,17,14,12,15,13,25,9,11,18,8,19,19,15,11,12,9,15,20,67,32,13,15,21,12,18,8,9,12,6,10,13,10,10,4,

836,0,0,0,0,0,0,0,0,0,0,15,31,31,7,8,88,66,43,18,10,9,9,31,40,28,15,17,18,14,14,27,14,18,7,15,16,10,2,5,12,14,5,26,16,12,11,20,13,12,6,5,17,12,7,15,17,9,6,14,7,12,10,3,8,19,12,18,17,20,20,15,13,13,8,6,7,6,5,10,8,11,9,6,2,

840,0,0,0,0,0,0,0,0,0,0,34,205,180,71,31,205,213,175,138,64,54,36,82,93,93,51,61,57,71,64,63,32,51,38,31,31,40,30,19,51,58,47,87,72,41,42,79,34,45,36,45,44,46,54,56,64,55,33,57,32,43,59,37,44,65,47,96,95,249,90,82,86,65,48,47,50,37,33,48,28,49,48,28,17,

841,0,0,0,0,0,0,0,0,0,0,9,23,43,18,8,39,21,15,25,19,17,4,46,55,29,11,26,13,27,12,20,12,17,13,19,15,11,7,12,15,12,14,33,21,12,12,15,8,13,13,9,4,8,11,8,17,18,11,13,9,13,12,12,13,13,10,18,19,46,19,19,18,18,15,17,11,13,15,15,12,13,11,9,1,

842,0,0,0,0,0,0,0,0,0,0,1,73,119,48,17,276,143,124,74,43,33,27,131,144,98,40,48,48,53,42,48,35,29,28,34,35,28,23,21,34,24,18,52,35,30,17,40,35,48,29,23,34,35,25,31,47,31,26,20,26,22,15,23,39,45,29,26,43,109,44,56,37,31,35,47,29,50,20,41,51,27,26,35,8,

844,0,0,0,0,0,0,0,0,0,0,0,79,106,39,12,99,97,73,72,31,20,13,44,52,47,23,16,19,12,18,29,13,13,15,16,11,10,10,8,12,9,9,21,13,15,10,28,15,18,7,14,12,22,12,14,23,16,8,12,26,17,15,11,8,16,17,25,18,43,19,22,14,15,14,12,12,14,7,7,11,19,14,12,5,

850,0,0,0,0,0,0,0,0,0,0,29,79,94,36,14,72,56,24,19,13,11,13,19,21,20,16,12,10,11,20,8,5,8,8,12,5,5,11,6,8,9,5,19,12,9,9,13,13,10,4,9,5,6,6,13,17,4,6,9,5,10,10,4,3,12,0,8,15,20,13,12,8,8,7,8,8,5,6,7,3,5,14,3,0,

863,0,0,0,0,0,0,0,0,0,0,0,24,75,27,9,51,24,48,36,18,11,3,34,51,26,14,19,14,14,11,20,11,8,11,10,8,5,1,9,7,9,5,15,9,7,4,18,11,9,7,7,10,11,13,9,8,13,13,17,11,6,16,6,9,17,8,13,12,39,15,20,11,11,12,13,9,9,10,11,10,15,10,10,1,

871,0,0,0,0,0,0,0,0,0,0,0,97,263,127,54,253,229,164,116,68,43,45,118,124,99,55,62,49,48,62,63,43,50,54,51,36,39,34,33,42,47,42,94,74,58,58,108,68,65,48,63,62,69,58,76,88,77,51,70,54,69,71,68,69,82,71,108,112,371,139,163,125,91,66,97,81,88,56,104,103,83,77,80,27,

875,0,0,0,0,0,0,0,0,0,0,0,7,58,39,17,55,21,9,31,24,33,12,51,74,46,23,19,13,18,23,33,20,16,10,22,12,16,8,10,15,14,8,30,22,18,11,12,7,16,10,13,5,6,10,15,16,12,8,5,11,10,9,11,8,13,9,15,16,30,12,18,16,12,15,8,16,12,10,7,10,10,10,8,2,

883,0,0,0,0,0,0,0,0,0,0,0,46,121,47,17,84,53,22,16,12,14,10,27,25,25,9,9,12,12,14,20,15,8,12,15,9,7,8,8,10,6,10,17,9,15,6,16,12,24,11,11,4,11,11,8,27,14,20,15,16,16,12,13,11,13,14,22,26,27,19,15,23,16,10,19,17,20,9,15,17,11,20,12,3,

924,0,0,0,0,0,0,0,0,0,0,0,0,23,35,12,105,44,60,42,34,24,12,42,48,42,26,26,10,12,21,28,19,13,23,15,11,10,11,7,13,15,15,31,18,20,8,22,15,14,6,6,9,12,7,10,21,20,13,13,11,10,9,10,6,6,13,16,20,29,13,19,12,15,7,8,8,13,8,10,6,12,9,10,1,

927,0,0,0,0,0,0,0,0,0,0,0,0,73,71,39,125,71,35,34,26,14,15,42,39,19,25,22,19,28,20,23,10,21,18,20,15,15,22,18,13,15,10,25,20,25,13,37,18,26,21,17,32,20,15,28,38,27,14,40,19,23,23,13,19,21,15,31,34,82,35,32,36,24,19,27,25,26,16,26,20,34,23,12,9,

943,0,0,0,0,0,0,0,0,0,0,0,0,0,31,57,146,54,20,19,34,41,36,41,41,24,19,11,13,12,17,20,8,16,7,12,11,13,8,4,9,11,9,18,12,12,14,22,7,13,10,13,10,11,14,10,23,15,9,9,5,6,13,12,7,5,10,12,10,26,13,6,13,11,5,7,3,11,4,5,7,3,4,0,2,

947,0,0,0,0,0,0,0,0,0,0,0,0,0,38,133,346,145,62,59,84,144,86,194,130,69,64,60,62,91,97,95,60,64,45,51,41,37,43,45,47,50,43,94,54,65,39,107,79,79,61,83,64,81,64,74,121,76,64,57,52,42,55,48,39,65,57,116,109,370,129,91,116,79,63,62,86,54,85,95,79,78,72,44,17,

956,0,0,0,0,0,0,0,0,0,0,0,0,0,2,28,59,44,16,14,10,23,17,32,15,10,10,11,7,8,11,16,8,10,11,12,9,9,5,6,9,12,7,18,18,17,8,21,28,17,11,20,18,10,16,14,10,11,11,15,6,12,18,13,9,17,7,18,19,57,25,25,23,22,11,17,20,13,8,17,15,13,12,10,7,

957,0,0,0,0,0,0,0,0,0,0,0,0,0,0,46,222,143,50,37,33,29,42,133,123,87,42,30,29,33,45,43,29,36,24,44,26,31,26,19,27,33,37,53,36,35,29,76,38,55,49,48,26,34,48,45,59,35,37,26,27,32,41,35,20,32,27,53,53,166,80,41,56,39,36,43,40,32,32,30,32,32,33,26,13,

962,0,0,0,0,0,0,0,0,0,0,0,0,0,0,33,127,56,32,29,20,41,56,155,64,48,19,23,27,20,22,23,22,16,13,10,11,10,13,14,13,11,10,23,19,17,11,40,23,40,20,17,31,32,23,23,32,20,23,21,26,20,19,21,28,26,20,30,44,89,43,46,42,31,27,31,34,37,39,29,33,32,26,19,3,

980,0,0,0,0,0,0,0,0,0,0,0,0,0,0,53,241,124,68,46,71,93,45,96,90,60,29,38,35,43,41,50,37,30,25,21,35,22,19,16,14,22,36,46,45,27,21,62,49,47,37,45,43,41,31,44,78,47,38,39,46,43,37,39,44,35,41,88,87,203,70,61,62,65,46,44,47,75,71,59,56,43,36,32,9,

981,0,0,0,0,0,0,0,0,0,0,0,0,0,0,4,43,54,21,22,13,12,10,74,81,59,30,10,24,17,17,45,22,29,23,24,18,24,24,21,37,30,22,49,39,34,23,60,35,48,35,41,31,35,33,48,54,31,25,51,33,43,39,36,32,41,33,59,55,207,78,91,90,53,44,65,49,49,49,57,60,61,55,33,13,

996,0,0,0,0,0,0,0,0,0,0,0,0,0,0,7,112,93,67,25,24,35,63,111,115,28,22,30,28,23,28,29,29,23,20,18,22,10,12,16,19,18,26,29,29,20,16,42,24,34,33,38,27,27,33,30,40,27,26,26,22,30,22,16,21,17,31,26,40,117,49,36,42,31,24,30,22,22,25,34,27,22,22,20,4,

998,0,0,0,0,0,0,0,0,0,0,0,0,0,0,14,111,48,26,10,6,7,10,52,70,49,10,12,16,8,17,19,11,14,11,12,7,11,3,10,6,9,7,13,9,7,13,13,8,17,17,14,10,13,8,16,27,17,12,15,16,12,10,12,13,22,25,13,14,35,14,17,16,10,9,17,10,18,6,17,10,13,9,5,1,

1005,0,0,0,0,0,0,0,0,0,0,0,0,0,0,0,144,111,63,54,25,39,36,112,77,44,23,39,18,21,35,26,30,19,15,20,15,20,19,9,18,17,20,42,28,19,15,27,40,49,19,15,17,13,17,35,36,24,14,30,28,23,30,13,26,28,23,25,35,141,43,39,43,27,27,40,44,32,20,24,20,33,43,21,6,

1011,0,0,0,0,0,0,0,0,0,0,0,0,0,0,0,29,63,102,48,41,21,16,14,76,74,51,18,20,21,21,19,16,23,11,13,9,4,15,12,13,19,13,32,17,10,13,32,17,19,16,18,6,8,14,15,16,13,11,7,7,10,11,10,9,8,10,8,12,38,17,11,15,11,9,13,6,6,6,6,7,3,8,4,4,

1012,0,0,0,0,0,0,0,0,0,0,0,0,0,0,0,147,94,52,15,11,11,10,22,11,18,12,7,10,15,9,19,4,18,7,9,2,13,7,11,7,12,7,9,10,10,7,15,10,14,12,8,10,15,10,8,23,15,7,6,9,10,16,10,14,11,10,17,18,39,31,16,8,11,11,9,9,11,7,16,13,15,12,8,2,

1022,0,0,0,0,0,0,0,0,0,0,0,0,0,0,0,15,235,98,79,23,24,11,39,138,98,89,40,33,31,40,53,32,36,31,31,25,26,30,27,31,44,30,67,37,34,14,69,37,47,32,33,39,44,33,46,48,38,34,36,36,43,49,42,38,42,26,50,55,121,73,73,60,32,30,38,32,37,38,56,30,31,36,31,9,

1023,0,0,0,0,0,0,0,0,0,0,0,0,0,0,0,0,45,281,305,228,118,71,191,302,225,113,92,128,124,117,113,67,89,62,57,48,53,62,42,75,82,66,137,86,98,58,154,98,102,89,88,76,85,94,123,130,101,72,109,82,95,108,103,80,78,66,131,136,440,159,156,119,102,83,114,109,112,96,143,119,106,101,70,27,

1028,0,0,0,0,0,0,0,0,0,0,0,0,0,0,0,14,203,112,74,32,14,14,48,51,35,25,15,22,19,26,18,15,20,20,15,23,12,10,7,16,17,15,23,14,21,6,34,23,27,13,16,17,26,22,21,28,26,12,20,20,20,22,25,13,16,16,36,34,88,32,20,36,23,25,16,24,29,16,23,20,23,19,15,6,

1031,0,0,0,0,0,0,0,0,0,0,0,0,0,0,0,13,152,83,31,6,10,10,27,24,23,7,10,13,13,12,18,8,10,13,6,7,11,8,10,7,12,12,14,11,6,9,26,22,23,14,13,24,13,21,13,18,20,19,16,20,19,19,6,8,18,7,22,29,42,28,28,24,21,20,20,19,20,22,22,17,14,15,12,4,

1035,0,0,0,0,0,0,0,0,0,0,0,0,0,0,0,0,0,29,94,54,26,16,34,124,123,82,73,42,30,38,50,25,40,38,33,25,33,26,34,50,30,21,52,45,33,27,69,43,65,45,51,51,48,44,55,70,57,34,56,38,49,50,60,41,45,39,53,71,319,110,117,107,66,65,93,64,69,79,91,76,76,68,53,18,

1037,0,0,0,0,0,0,0,0,0,0,0,0,0,0,0,0,0,64,86,78,48,15,31,47,45,97,76,65,39,51,54,29,31,33,18,35,25,18,28,24,29,33,42,40,33,18,67,34,55,33,51,27,39,35,43,77,31,29,38,29,39,29,31,22,30,37,49,56,158,55,65,45,47,39,44,36,40,38,57,49,44,29,33,9,

1039,0,0,0,0,0,0,0,0,0,0,0,0,0,0,0,0,3,41,20,23,10,22,57,68,36,15,19,17,24,15,21,16,12,8,18,11,13,7,11,11,19,18,21,16,22,17,28,17,21,14,20,29,15,20,18,32,26,10,22,15,14,11,23,16,17,14,31,29,63,36,24,33,29,17,19,13,15,19,18,23,16,17,14,4,

1041,0,0,0,0,0,0,0,0,0,0,0,0,0,0,0,0,3,70,51,27,20,18,103,114,76,19,23,17,19,20,30,20,11,11,15,11,18,10,15,12,12,11,29,14,9,8,20,14,23,10,8,10,13,12,18,34,28,25,25,20,26,18,17,18,19,13,18,32,53,23,18,20,15,21,23,14,25,18,14,21,19,12,17,4,

1042,0,0,0,0,0,0,0,0,0,0,0,0,0,0,0,0,0,71,82,53,33,39,81,98,38,16,30,34,31,25,18,22,18,11,26,15,14,8,14,17,12,12,24,27,15,8,44,24,35,17,25,24,29,33,21,32,27,18,13,27,18,13,11,23,22,17,21,27,67,29,33,30,25,20,24,20,25,20,17,23,21,17,13,3,

1045,0,0,0,0,0,0,0,0,0,0,0,0,0,0,0,0,11,237,153,82,49,25,105,242,179,81,60,62,61,72,73,51,62,51,48,40,41,45,20,36,45,30,95,54,37,31,94,39,51,64,73,39,46,56,49,87,78,68,56,49,47,67,79,53,42,44,60,74,148,66,79,61,64,51,39,54,58,41,49,60,50,42,33,6,

1046,0,0,0,0,0,0,0,0,0,0,0,0,0,0,0,0,3,61,25,16,15,2,10,32,80,56,54,27,11,23,19,11,11,12,10,6,10,7,9,8,6,9,14,17,9,7,11,17,13,10,14,7,12,18,11,20,16,15,4,12,9,7,6,6,7,19,17,14,25,9,11,8,8,12,15,12,18,10,10,12,13,12,7,3,

1048,0,0,0,0,0,0,0,0,0,0,0,0,0,0,0,0,0,56,39,14,21,18,88,93,42,16,14,18,20,27,25,20,11,15,17,11,12,10,9,10,8,17,21,21,18,13,27,11,25,20,12,15,26,11,21,28,24,21,20,17,15,14,13,11,19,13,20,25,81,35,29,26,19,16,30,9,23,14,14,18,12,12,11,0,

1049,0,0,0,0,0,0,0,0,0,0,0,0,0,0,0,0,2,99,141,107,63,35,83,190,152,115,59,72,57,70,81,55,74,52,46,36,48,49,32,41,55,66,89,66,57,51,122,79,92,66,83,66,83,97,88,105,82,53,119,76,56,87,88,75,85,78,122,112,280,121,101,108,68,69,64,69,75,62,88,74,66,50,52,14,

1051,0,0,0,0,0,0,0,0,0,0,0,0,0,0,0,0,2,60,51,23,15,10,13,65,55,48,9,13,12,23,16,15,11,16,11,9,10,15,4,14,13,12,20,8,10,2,33,14,19,14,12,6,12,15,15,13,12,21,6,11,11,10,12,7,5,8,12,9,34,13,7,10,10,15,5,5,5,4,7,4,7,8,4,2,

1055,0,0,0,0,0,0,0,0,0,0,0,0,0,0,0,0,0,23,63,25,24,11,21,32,89,49,43,19,17,26,21,20,14,13,13,10,12,13,10,8,8,5,14,13,7,13,30,13,18,13,12,16,13,19,15,16,13,15,11,12,15,14,11,9,14,9,12,16,32,16,13,17,10,13,8,9,13,10,12,10,12,7,14,4,

1056,0,0,0,0,0,0,0,0,0,0,0,0,0,0,0,0,0,169,220,172,129,46,253,261,191,80,53,56,51,57,83,29,48,46,69,59,61,34,22,54,44,30,71,46,51,36,100,42,75,50,55,46,61,54,48,83,54,39,57,35,52,51,51,52,83,64,101,109,381,134,89,85,52,62,93,76,78,83,92,101,83,80,65,22,

1063,0,0,0,0,0,0,0,0,0,0,0,0,0,0,0,0,6,119,71,29,13,18,26,27,33,9,12,14,16,21,12,6,10,6,6,7,15,5,9,11,10,13,15,14,12,8,24,11,15,13,13,9,13,10,8,24,9,9,9,13,9,9,9,5,13,6,14,20,35,19,11,14,10,15,11,14,17,13,12,13,16,8,11,1,

1094,0,0,0,0,0,0,0,0,0,0,0,0,0,0,0,0,0,58,120,63,34,30,99,82,64,43,38,43,27,42,70,49,60,43,24,24,15,21,21,31,20,19,34,33,30,21,45,35,34,32,42,31,44,30,43,51,31,22,39,28,43,35,32,29,20,30,41,48,165,44,67,57,41,34,49,26,39,28,41,37,35,28,31,10,

1104,0,0,0,0,0,0,0,0,0,0,0,0,0,0,0,0,0,25,37,25,16,5,30,25,18,14,4,21,35,30,27,6,10,5,9,7,4,11,5,10,9,8,7,10,5,8,24,15,12,17,16,10,12,10,9,17,13,11,7,14,11,10,11,7,11,12,17,15,57,29,27,33,20,22,23,14,13,17,17,23,12,13,6,3,

1106,0,0,0,0,0,0,0,0,0,0,0,0,0,0,0,0,0,12,43,14,12,10,23,27,11,20,13,18,13,16,16,17,26,24,23,6,9,7,9,10,18,10,20,21,19,9,21,19,12,14,26,14,18,23,20,29,21,10,13,15,20,28,20,14,25,21,31,26,79,38,40,34,28,15,22,23,27,16,25,13,21,11,15,5,

1122,0,0,0,0,0,0,0,0,0,0,0,0,0,0,0,0,0,36,53,36,18,15,43,49,36,31,20,23,12,25,26,13,12,23,21,14,10,15,6,20,13,14,19,28,14,12,30,22,25,14,27,22,20,11,19,24,22,18,21,20,24,50,32,25,18,19,27,18,104,51,34,25,24,19,18,14,25,18,19,12,16,11,14,5,

1136,0,0,0,0,0,0,0,0,0,0,0,0,0,0,0,0,0,0,46,49,30,14,27,38,20,52,20,29,11,12,18,7,7,6,13,4,5,6,7,10,5,10,12,11,3,5,17,7,14,11,13,9,12,7,12,16,17,12,19,15,19,12,16,10,23,11,20,13,49,14,28,21,20,20,18,16,10,14,27,14,14,14,9,4,

1195,0,0,0,0,0,0,0,0,0,0,0,0,0,0,0,0,0,0,0,21,61,23,56,25,37,63,42,50,28,21,26,16,15,21,12,12,17,15,14,12,16,20,20,21,12,15,45,22,31,25,25,19,35,26,34,43,27,27,35,28,26,15,17,29,38,14,26,29,101,42,63,37,29,32,26,26,44,25,30,26,27,21,24,5,

1198,0,0,0,0,0,0,0,0,0,0,0,0,0,0,0,0,0,0,0,6,98,130,164,96,90,152,169,170,155,137,125,84,80,76,130,100,95,76,59,91,75,87,139,116,86,69,124,72,109,74,88,73,93,90,88,117,89,66,134,87,91,104,84,78,95,76,137,148,510,191,189,179,115,100,121,125,109,114,160,128,121,114,75,32,

1206,0,0,0,0,0,0,0,0,0,0,0,0,0,0,0,0,0,0,0,0,11,32,15,15,15,9,20,32,23,18,12,19,15,21,12,6,21,12,9,16,14,8,24,25,14,20,26,23,18,13,22,10,21,18,19,23,15,16,14,11,15,21,13,11,14,14,25,24,62,32,31,47,24,22,22,24,24,17,25,28,22,27,23,6,

1210,0,0,0,0,0,0,0,0,0,0,0,0,0,0,0,0,0,0,0,0,35,38,52,42,9,28,47,65,33,19,22,18,17,11,12,7,20,9,6,10,9,14,24,14,14,12,41,21,25,16,14,19,16,19,19,30,24,8,18,15,16,21,27,17,23,20,18,31,89,36,28,26,44,18,27,15,25,27,22,23,21,20,23,4,

1215,0,0,0,0,0,0,0,0,0,0,0,0,0,0,0,0,0,0,0,0,44,88,84,82,40,30,38,98,85,87,50,32,25,19,21,21,26,17,25,29,31,30,38,37,34,30,69,46,45,38,51,28,38,35,47,76,39,39,41,31,46,44,28,37,38,39,64,62,173,66,56,54,51,36,44,27,41,34,35,47,43,32,39,7,

1225,0,0,0,0,0,0,0,0,0,0,0,0,0,0,0,0,0,0,0,0,2,50,67,57,42,39,20,31,22,26,29,10,22,23,15,6,14,18,13,19,21,16,45,19,16,13,25,34,34,21,48,57,61,56,32,35,32,27,43,27,28,43,32,34,27,19,42,57,165,70,77,72,51,47,52,36,45,42,55,46,44,45,38,7,

1230,0,0,0,0,0,0,0,0,0,0,0,0,0,0,0,0,0,0,0,0,0,36,77,65,44,9,34,21,27,28,23,6,14,15,12,7,7,8,6,15,13,11,18,20,11,6,20,17,14,9,12,15,18,8,21,26,15,13,8,12,14,11,14,14,11,9,14,22,49,26,14,17,8,14,17,12,18,7,15,20,19,14,3,2,

1255,0,0,0,0,0,0,0,0,0,0,0,0,0,0,0,0,0,0,0,0,0,16,44,29,25,17,33,40,24,30,28,14,15,17,14,8,19,20,17,19,13,13,14,16,19,4,24,18,23,8,11,18,13,16,28,27,28,18,14,22,16,14,17,15,11,13,15,29,46,19,14,23,11,11,24,12,16,13,22,7,19,10,7,0,

1260,0,0,0,0,0,0,0,0,0,0,0,0,0,0,0,0,0,0,0,0,0,41,236,198,165,71,58,123,190,231,137,70,68,60,67,50,57,54,43,74,65,56,97,89,74,52,113,82,106,93,109,111,120,127,162,184,113,79,171,105,107,103,123,118,133,100,163,181,630,197,215,158,117,122,170,132,141,100,172,161,128,110,101,35,

1261,0,0,0,0,0,0,0,0,0,0,0,0,0,0,0,0,0,0,0,0,0,3,111,79,74,20,33,37,28,99,91,77,41,43,31,25,26,29,28,20,40,37,57,54,33,20,67,47,40,35,50,31,36,44,42,67,42,26,46,31,29,34,33,35,27,31,54,44,158,61,57,47,52,36,36,34,48,33,46,51,31,44,37,9,

1262,0,0,0,0,0,0,0,0,0,0,0,0,0,0,0,0,0,0,0,0,0,0,118,71,49,15,10,8,24,50,33,20,9,13,12,17,14,17,12,11,8,6,25,14,6,6,11,15,18,11,7,12,13,14,20,17,11,8,9,13,8,9,10,17,7,5,14,18,33,16,18,11,15,10,15,9,21,12,13,14,8,8,11,2,

1268,0,0,0,0,0,0,0,0,0,0,0,0,0,0,0,0,0,0,0,0,0,39,159,94,76,28,31,30,30,29,28,11,25,25,20,13,16,20,17,21,25,19,28,24,18,11,41,25,30,22,17,14,16,25,20,40,25,17,18,22,22,24,15,12,20,16,20,25,45,29,23,23,17,20,24,12,19,10,13,19,14,15,12,1,

1272,0,0,0,0,0,0,0,0,0,0,0,0,0,0,0,0,0,0,0,0,0,29,103,57,41,19,19,12,20,28,18,10,9,13,16,6,6,11,3,18,14,12,19,15,14,4,27,15,23,26,12,11,22,16,7,21,7,10,25,14,12,16,8,9,14,12,7,33,82,31,22,28,25,23,34,27,21,17,26,20,21,21,11,6,

1273,0,0,0,0,0,0,0,0,0,0,0,0,0,0,0,0,0,0,0,0,0,21,74,50,35,20,20,15,17,17,27,10,10,14,13,5,9,12,7,21,15,14,18,15,15,7,32,20,21,14,14,10,16,16,22,16,16,10,16,11,12,12,11,11,18,10,18,30,108,45,20,31,17,12,25,25,12,13,31,21,23,22,19,4,

1304,0,0,0,0,0,0,0,0,0,0,0,0,0,0,0,0,0,0,0,0,0,0,235,143,125,71,44,60,63,53,50,28,42,34,33,27,19,23,26,29,34,29,40,30,34,20,53,33,32,27,34,25,23,17,24,45,25,20,25,14,29,26,21,23,26,20,32,36,96,42,30,32,30,31,23,27,21,24,26,28,27,26,15,3,

1309,0,0,0,0,0,0,0,0,0,0,0,0,0,0,0,0,0,0,0,0,0,0,0,122,72,32,33,21,11,19,30,37,45,50,31,19,21,14,16,20,29,22,41,31,31,17,55,24,23,13,22,26,20,20,27,44,18,20,23,28,23,28,21,25,28,25,35,30,67,45,48,35,28,20,24,28,18,18,24,34,27,23,17,7,

1364,0,0,0,0,0,0,0,0,0,0,0,0,0,0,0,0,0,0,0,0,0,0,0,36,64,34,28,29,34,48,26,12,23,19,28,15,17,19,12,26,27,16,39,27,21,13,28,12,11,14,20,20,15,13,21,27,18,10,14,12,14,18,9,12,17,12,22,21,40,20,31,13,13,15,11,14,17,10,15,15,17,9,8,1,

1365,0,0,0,0,0,0,0,0,0,0,0,0,0,0,0,0,0,0,0,0,0,0,0,32,86,27,35,40,57,95,48,23,25,17,17,23,19,15,13,18,26,22,30,29,14,16,35,36,37,26,25,21,32,34,26,42,18,15,18,15,28,25,17,20,20,22,29,31,77,39,24,21,20,18,22,23,20,24,18,27,23,18,16,8,

1366,0,0,0,0,0,0,0,0,0,0,0,0,0,0,0,0,0,0,0,0,0,0,0,34,78,38,25,9,25,68,57,35,14,18,17,18,12,15,5,18,12,13,36,20,20,11,37,16,28,10,16,14,14,17,17,22,16,8,11,10,20,19,13,14,13,6,14,11,32,22,17,11,12,10,11,12,13,8,9,6,5,5,5,0,

1393,0,0,0,0,0,0,0,0,0,0,0,0,0,0,0,0,0,0,0,0,0,0,0,45,32,14,11,10,19,18,9,7,13,18,12,8,3,5,10,11,16,12,13,11,8,7,24,17,17,12,16,21,20,19,16,31,17,12,12,14,19,12,11,9,13,10,17,28,96,37,34,34,24,17,21,17,27,17,22,18,25,17,12,2,

1399,0,0,0,0,0,0,0,0,0,0,0,0,0,0,0,0,0,0,0,0,0,0,0,44,30,28,21,15,25,61,34,22,17,16,14,16,7,14,10,14,8,14,22,13,19,8,39,22,27,10,22,22,17,24,17,30,19,12,21,15,14,15,22,13,8,14,18,24,78,38,17,33,26,17,22,18,20,17,17,15,23,14,10,2,

1445,0,0,0,0,0,0,0,0,0,0,0,0,0,0,0,0,0,0,0,0,0,0,0,68,46,33,26,39,58,69,52,39,36,27,26,16,19,19,15,27,27,24,30,30,28,10,34,27,24,21,23,22,22,22,21,37,33,23,27,25,30,29,30,25,23,24,29,40,114,52,32,40,36,22,24,27,29,22,19,26,27,16,10,4,

1498,0,0,0,0,0,0,0,0,0,0,0,0,0,0,0,0,0,0,0,0,0,0,0,0,21,53,35,21,12,22,44,71,62,56,30,26,25,22,9,24,34,32,58,22,24,22,45,28,29,24,29,25,23,28,37,17,25,27,33,22,25,34,33,22,22,20,37,32,99,36,33,45,24,18,15,17,24,15,26,23,17,18,16,5,

1539,0,0,0,0,0,0,0,0,0,0,0,0,0,0,0,0,0,0,0,0,0,0,0,0,67,45,52,28,29,59,41,34,13,20,19,8,18,7,10,13,15,13,16,22,15,15,31,15,14,14,14,24,14,14,17,16,15,11,13,15,10,15,17,15,14,10,13,19,39,20,26,16,10,9,16,12,10,15,11,9,12,13,10,1,

1552,0,0,0,0,0,0,0,0,0,0,0,0,0,0,0,0,0,0,0,0,0,0,0,0,27,72,57,40,19,26,70,42,36,34,17,13,18,11,10,17,15,7,18,17,10,7,22,15,23,16,15,17,17,17,22,24,27,23,20,19,15,18,20,20,20,13,15,20,64,29,23,20,12,20,17,8,18,8,17,18,21,10,19,3,

1554,0,0,0,0,0,0,0,0,0,0,0,0,0,0,0,0,0,0,0,0,0,0,0,0,19,66,49,32,10,21,26,15,28,20,60,63,55,23,24,21,26,31,49,38,42,22,68,41,50,46,59,41,38,47,47,58,37,21,50,29,34,37,44,31,37,29,49,63,152,75,90,64,50,44,47,45,49,40,48,46,43,44,19,8,

1565,0,0,0,0,0,0,0,0,0,0,0,0,0,0,0,0,0,0,0,0,0,0,0,0,5,79,56,38,21,8,25,35,45,39,29,14,16,10,13,20,15,16,16,24,14,11,21,27,23,19,17,16,18,16,13,23,23,18,17,16,18,16,24,20,12,22,25,29,105,31,30,25,31,14,23,13,18,14,20,14,19,19,11,3,

1591,0,0,0,0,0,0,0,0,0,0,0,0,0,0,0,0,0,0,0,0,0,0,0,0,0,0,24,40,19,15,9,13,73,73,61,22,28,19,13,23,24,21,30,38,13,19,50,31,30,29,33,30,26,25,38,27,29,16,38,28,29,29,18,21,25,19,40,40,126,64,65,46,33,29,34,27,40,34,34,32,39,31,25,10,

1624,0,0,0,0,0,0,0,0,0,0,0,0,0,0,0,0,0,0,0,0,0,0,0,0,0,0,39,33,19,14,15,11,25,21,25,14,9,5,9,13,11,11,25,9,11,9,30,17,20,12,12,14,13,16,12,23,20,20,19,21,17,25,21,16,20,13,32,33,89,34,25,32,25,20,22,17,27,17,24,19,18,13,19,4,

1644,0,0,0,0,0,0,0,0,0,0,0,0,0,0,0,0,0,0,0,0,0,0,0,0,0,0,12,55,37,44,29,20,34,68,61,44,35,34,17,30,34,28,60,28,28,28,56,36,42,29,39,23,19,33,34,64,37,25,45,34,31,41,27,26,35,34,36,45,132,52,52,56,43,32,39,32,38,26,42,42,43,42,27,7,

1647,0,0,0,0,0,0,0,0,0,0,0,0,0,0,0,0,0,0,0,0,0,0,0,0,0,0,92,73,59,57,26,20,28,24,16,22,15,14,13,23,19,20,33,29,12,14,30,22,29,30,19,18,21,30,18,32,25,13,12,13,20,20,10,22,24,8,26,31,124,43,46,37,25,30,28,29,22,22,34,17,23,21,13,5,

1660,0,0,0,0,0,0,0,0,0,0,0,0,0,0,0,0,0,0,0,0,0,0,0,0,0,0,0,43,42,24,16,8,36,45,45,20,16,15,17,24,18,20,45,30,15,14,30,27,33,26,22,24,22,18,27,34,24,13,21,19,14,19,19,9,20,10,26,24,60,20,38,23,26,18,26,20,20,18,26,21,17,25,20,6,

1663,0,0,0,0,0,0,0,0,0,0,0,0,0,0,0,0,0,0,0,0,0,0,0,0,0,0,0,5,5,4,9,2,43,38,34,25,23,23,19,23,24,24,52,37,43,32,59,36,61,49,61,48,46,44,63,59,57,39,65,35,43,74,74,50,64,47,82,97,427,158,136,110,77,74,78,86,71,68,91,79,69,67,59,25,

1665,0,0,0,0,0,0,0,0,0,0,0,0,0,0,0,0,0,0,0,0,0,0,0,0,0,0,0,23,52,43,14,19,16,55,50,39,18,12,5,11,24,15,27,15,22,13,38,24,29,23,20,11,19,12,21,25,16,18,23,11,16,17,14,12,20,5,28,30,48,28,32,29,19,9,24,20,19,15,18,15,22,16,16,5,

1668,0,0,0,0,0,0,0,0,0,0,0,0,0,0,0,0,0,0,0,0,0,0,0,0,0,0,0,105,158,153,84,39,43,42,31,28,30,31,100,114,107,68,98,88,72,55,128,92,88,68,93,88,98,98,103,125,74,67,89,73,74,87,80,79,70,84,131,147,473,155,199,168,137,114,151,119,131,102,130,137,112,125,95,30,

1674,0,0,0,0,0,0,0,0,0,0,0,0,0,0,0,0,0,0,0,0,0,0,0,0,0,0,0,33,213,173,114,52,45,35,75,69,83,45,35,53,67,58,85,53,47,40,81,51,75,50,57,55,50,62,60,85,61,37,55,47,50,60,44,43,34,53,79,76,194,93,86,74,63,53,58,49,73,56,66,56,57,55,40,15,

1678,0,0,0,0,0,0,0,0,0,0,0,0,0,0,0,0,0,0,0,0,0,0,0,0,0,0,0,1,86,62,45,18,25,53,61,36,27,19,12,20,22,15,29,16,14,12,47,27,25,23,21,31,20,23,36,23,21,12,15,20,19,22,19,20,22,13,13,29,72,49,40,32,23,19,18,15,25,15,31,20,21,16,18,1,

1714,0,0,0,0,0,0,0,0,0,0,0,0,0,0,0,0,0,0,0,0,0,0,0,0,0,0,0,0,80,183,127,84,56,46,100,102,103,50,31,51,53,52,98,68,54,48,133,82,93,60,68,98,84,71,79,107,77,44,82,56,57,70,72,72,63,85,113,107,340,169,167,131,106,93,108,83,94,80,97,114,96,84,54,30,

1722,0,0,0,0,0,0,0,0,0,0,0,0,0,0,0,0,0,0,0,0,0,0,0,0,0,0,0,0,99,128,67,49,44,38,39,54,139,98,99,79,70,58,111,85,73,66,113,76,90,71,88,60,80,84,93,94,79,61,69,61,61,77,63,66,61,65,113,116,406,166,149,135,110,80,97,112,98,90,132,96,94,80,81,29,

1724,0,0,0,0,0,0,0,0,0,0,0,0,0,0,0,0,0,0,0,0,0,0,0,0,0,0,0,0,16,65,51,24,11,10,44,49,46,22,16,29,19,21,37,31,32,21,38,25,23,14,24,20,25,12,29,46,24,23,28,21,15,23,29,21,28,19,26,26,79,41,42,34,39,25,27,18,30,27,29,29,23,28,23,9,

1728,0,0,0,0,0,0,0,0,0,0,0,0,0,0,0,0,0,0,0,0,0,0,0,0,0,0,0,0,3,121,146,77,47,36,28,42,102,80,59,40,45,38,78,43,55,43,77,54,71,37,65,44,51,45,42,61,46,29,52,34,31,58,46,34,34,42,81,56,189,80,58,60,72,39,44,43,41,38,53,45,41,39,36,17,

1736,0,0,0,0,0,0,0,0,0,0,0,0,0,0,0,0,0,0,0,0,0,0,0,0,0,0,0,0,13,476,319,182,110,92,84,68,103,155,131,147,131,140,243,150,105,76,151,90,111,106,130,100,105,138,188,200,139,92,155,84,109,116,102,110,156,118,233,212,672,214,250,203,154,126,150,154,191,131,190,166,159,144,109,41,

1738,0,0,0,0,0,0,0,0,0,0,0,0,0,0,0,0,0,0,0,0,0,0,0,0,0,0,0,0,1,125,178,127,80,45,39,106,126,107,63,67,47,61,93,75,45,54,104,69,82,70,70,69,76,73,70,99,78,69,71,54,59,58,54,64,75,69,100,95,254,126,152,108,109,103,94,89,113,94,115,123,96,99,60,27,

1751,0,0,0,0,0,0,0,0,0,0,0,0,0,0,0,0,0,0,0,0,0,0,0,0,0,0,0,0,0,8,143,65,53,46,25,78,77,60,28,36,23,34,41,44,21,30,54,47,91,53,32,34,35,39,38,50,40,27,35,19,45,47,39,36,38,17,48,51,153,72,67,62,38,31,41,44,43,47,44,39,41,36,27,8,

1754,0,0,0,0,0,0,0,0,0,0,0,0,0,0,0,0,0,0,0,0,0,0,0,0,0,0,0,0,3,58,114,86,71,36,25,75,74,76,31,38,40,42,55,45,25,28,60,28,50,27,36,25,31,28,25,38,24,19,24,15,16,26,18,14,15,18,38,25,74,40,22,33,21,24,17,16,12,15,22,19,17,15,9,4,

1756,0,0,0,0,0,0,0,0,0,0,0,0,0,0,0,0,0,0,0,0,0,0,0,0,0,0,0,0,0,3,27,42,46,31,15,65,74,55,33,30,21,24,43,52,36,32,48,28,33,22,30,23,25,31,29,29,21,18,16,12,21,25,12,20,22,14,23,24,67,25,23,26,23,20,17,17,15,13,21,18,15,18,13,4,

1777,0,0,0,0,0,0,0,0,0,0,0,0,0,0,0,0,0,0,0,0,0,0,0,0,0,0,0,0,0,16,54,17,20,28,17,16,12,19,15,12,16,13,24,21,12,13,42,23,37,21,14,17,29,13,19,21,15,13,15,9,14,20,12,9,11,14,13,24,48,20,21,19,11,13,30,18,16,14,18,13,16,7,9,0,

1787,0,0,0,0,0,0,0,0,0,0,0,0,0,0,0,0,0,0,0,0,0,0,0,0,0,0,0,0,0,0,64,46,32,25,13,6,10,10,36,45,34,14,20,28,12,12,47,20,24,10,13,18,24,21,26,31,18,23,12,20,26,19,21,21,19,23,21,41,64,36,40,27,29,20,31,19,26,28,24,27,27,16,16,5,

1837,0,0,0,0,0,0,0,0,0,0,0,0,0,0,0,0,0,0,0,0,0,0,0,0,0,0,0,0,0,0,0,19,46,43,25,17,11,15,26,29,45,31,44,20,25,19,36,25,24,20,33,13,25,22,19,17,14,12,7,19,22,15,17,9,24,15,15,22,38,17,14,13,14,16,12,11,12,13,12,9,7,11,7,2,

1870,0,0,0,0,0,0,0,0,0,0,0,0,0,0,0,0,0,0,0,0,0,0,0,0,0,0,0,0,0,0,0,15,61,31,32,13,12,11,8,24,42,51,82,64,18,18,53,32,37,23,38,41,37,32,46,57,52,23,39,31,38,31,40,35,39,39,59,56,146,77,83,61,35,45,43,53,46,40,61,62,41,57,40,6,

1877,0,0,0,0,0,0,0,0,0,0,0,0,0,0,0,0,0,0,0,0,0,0,0,0,0,0,0,0,0,0,0,1,29,41,40,15,17,23,15,35,54,65,61,13,31,31,46,33,40,26,24,24,29,24,27,29,23,13,19,15,20,26,15,19,16,26,29,29,90,29,30,31,44,22,19,29,18,25,30,23,21,17,23,6,

1901,0,0,0,0,0,0,0,0,0,0,0,0,0,0,0,0,0,0,0,0,0,0,0,0,0,0,0,0,0,0,0,0,73,52,40,20,10,8,40,45,37,26,32,32,18,11,43,29,25,20,18,12,23,28,17,30,31,34,37,30,19,13,23,14,21,18,20,23,59,27,32,33,25,19,22,18,16,19,9,17,12,17,18,2,

1922,0,0,0,0,0,0,0,0,0,0,0,0,0,0,0,0,0,0,0,0,0,0,0,0,0,0,0,0,0,0,0,0,1,4,14,27,36,54,58,68,53,59,63,145,87,71,75,61,69,57,57,46,57,55,42,84,47,38,31,41,47,34,30,31,43,31,58,57,131,61,44,54,41,35,37,33,27,46,33,43,38,34,22,9,

1950,0,0,0,0,0,0,0,0,0,0,0,0,0,0,0,0,0,0,0,0,0,0,0,0,0,0,0,0,0,0,0,0,0,157,195,147,105,50,51,101,132,107,164,83,67,48,104,72,95,65,59,72,75,62,87,94,75,51,77,79,110,104,80,74,68,65,109,108,292,151,164,113,87,76,83,81,90,68,99,89,78,70,52,22,

1967,0,0,0,0,0,0,0,0,0,0,0,0,0,0,0,0,0,0,0,0,0,0,0,0,0,0,0,0,0,0,0,0,0,11,125,60,46,28,25,25,22,50,149,104,96,34,94,55,71,41,73,38,52,46,43,61,45,34,30,33,30,39,38,23,30,32,58,62,174,66,49,65,56,41,43,31,37,41,45,29,44,40,33,11,

1968,0,0,0,0,0,0,0,0,0,0,0,0,0,0,0,0,0,0,0,0,0,0,0,0,0,0,0,0,0,0,0,0,0,31,173,105,69,33,33,49,60,73,90,54,24,23,62,44,42,39,41,37,31,32,41,50,34,23,42,23,37,28,24,23,27,31,43,38,121,57,105,70,39,35,42,42,48,42,54,54,37,40,31,10,

1977,0,0,0,0,0,0,0,0,0,0,0,0,0,0,0,0,0,0,0,0,0,0,0,0,0,0,0,0,0,0,0,0,0,3,92,46,32,20,11,78,64,52,64,30,24,22,63,35,36,33,34,27,37,35,30,37,25,22,28,26,29,30,19,22,38,17,35,31,68,27,37,44,27,16,26,24,19,17,32,14,14,22,10,7,

1996,0,0,0,0,0,0,0,0,0,0,0,0,0,0,0,0,0,0,0,0,0,0,0,0,0,0,0,0,0,0,0,0,0,0,18,110,72,55,22,30,35,29,118,111,76,44,90,55,52,43,44,39,55,54,43,59,49,35,43,46,99,105,100,62,63,65,87,100,261,136,141,96,81,85,87,82,84,70,97,86,78,71,51,18,

2015,0,0,0,0,0,0,0,0,0,0,0,0,0,0,0,0,0,0,0,0,0,0,0,0,0,0,0,0,0,0,0,0,0,0,0,47,26,19,9,12,19,32,58,33,18,21,45,21,26,19,37,26,21,22,31,31,20,12,18,23,19,18,12,14,21,16,28,23,54,27,24,29,20,24,21,16,24,14,14,22,17,20,9,4,

2016,0,0,0,0,0,0,0,0,0,0,0,0,0,0,0,0,0,0,0,0,0,0,0,0,0,0,0,0,0,0,0,0,0,0,0,240,137,87,56,64,60,157,229,155,74,77,130,91,110,81,82,74,91,73,96,108,93,57,87,71,66,75,75,66,85,69,116,133,347,164,187,175,128,107,133,91,104,66,112,111,107,103,52,13,

2026,0,0,0,0,0,0,0,0,0,0,0,0,0,0,0,0,0,0,0,0,0,0,0,0,0,0,0,0,0,0,0,0,0,0,0,37,49,21,13,12,19,26,38,26,16,11,31,22,31,13,13,18,16,16,24,29,16,12,15,14,14,12,22,14,17,16,18,17,54,34,32,25,15,19,28,16,15,15,24,17,12,18,8,3,

2031,0,0,0,0,0,0,0,0,0,0,0,0,0,0,0,0,0,0,0,0,0,0,0,0,0,0,0,0,0,0,0,0,0,0,0,42,107,62,33,32,16,16,28,65,82,67,100,53,63,38,46,42,46,42,48,56,45,29,46,27,40,31,27,30,31,29,40,51,107,56,64,57,51,41,41,35,39,31,48,47,51,37,27,11,

2042,0,0,0,0,0,0,0,0,0,0,0,0,0,0,0,0,0,0,0,0,0,0,0,0,0,0,0,0,0,0,0,0,0,0,0,2,80,47,25,41,17,36,61,35,13,7,26,16,18,13,13,17,30,19,18,21,22,14,15,15,25,21,21,18,19,20,27,30,82,25,32,28,23,24,26,16,16,16,26,17,19,17,11,1,

2055,0,0,0,0,0,0,0,0,0,0,0,0,0,0,0,0,0,0,0,0,0,0,0,0,0,0,0,0,0,0,0,0,0,0,0,0,105,114,55,50,36,50,133,83,50,24,80,34,55,47,43,46,42,39,50,45,32,26,25,38,33,32,31,24,22,25,38,35,86,39,56,42,42,29,22,21,30,21,30,22,20,15,21,6,

2071,0,0,0,0,0,0,0,0,0,0,0,0,0,0,0,0,0,0,0,0,0,0,0,0,0,0,0,0,0,0,0,0,0,0,0,0,0,20,34,25,9,7,17,51,47,38,27,25,30,28,22,15,20,17,18,25,22,17,18,11,12,15,21,8,14,18,20,20,63,31,31,22,12,19,14,18,13,16,17,13,17,37,19,5,

2117,0,0,0,0,0,0,0,0,0,0,0,0,0,0,0,0,0,0,0,0,0,0,0,0,0,0,0,0,0,0,0,0,0,0,0,0,0,0,15,34,22,16,6,5,17,36,51,36,37,28,21,13,20,24,34,23,22,17,19,17,19,20,21,9,20,15,21,27,79,31,25,35,27,14,15,14,23,19,22,16,17,24,19,6,

2118,0,0,0,0,0,0,0,0,0,0,0,0,0,0,0,0,0,0,0,0,0,0,0,0,0,0,0,0,0,0,0,0,0,0,0,0,0,4,27,40,41,28,27,30,31,55,109,71,54,42,56,45,36,51,62,56,43,37,47,31,44,46,41,44,42,37,72,79,213,79,82,84,63,41,50,64,47,53,77,52,47,59,39,18,

2125,0,0,0,0,0,0,0,0,0,0,0,0,0,0,0,0,0,0,0,0,0,0,0,0,0,0,0,0,0,0,0,0,0,0,0,0,0,0,44,84,36,27,17,19,24,38,72,33,36,30,27,26,32,18,26,29,24,13,15,15,18,16,12,21,14,20,19,28,82,41,48,36,21,28,31,28,22,27,37,18,25,24,12,4,

2149,0,0,0,0,0,0,0,0,0,0,0,0,0,0,0,0,0,0,0,0,0,0,0,0,0,0,0,0,0,0,0,0,0,0,0,0,0,0,4,60,85,74,55,54,49,34,52,55,51,109,147,108,79,68,66,100,76,60,78,55,72,68,74,64,61,60,74,81,340,118,106,109,77,59,79,79,69,54,73,62,53,71,33,15,

2151,0,0,0,0,0,0,0,0,0,0,0,0,0,0,0,0,0,0,0,0,0,0,0,0,0,0,0,0,0,0,0,0,0,0,0,0,0,0,0,70,55,36,32,9,21,9,21,50,95,51,43,23,34,41,44,41,21,17,28,11,15,30,21,19,20,22,39,37,102,36,31,41,23,19,20,26,22,19,20,14,23,32,20,7,

2154,0,0,0,0,0,0,0,0,0,0,0,0,0,0,0,0,0,0,0,0,0,0,0,0,0,0,0,0,0,0,0,0,0,0,0,0,0,0,3,59,47,18,39,58,79,48,86,42,48,50,43,48,60,36,57,61,47,21,45,36,36,31,42,38,44,36,38,46,164,64,63,59,47,40,40,42,48,31,44,39,41,29,24,9,

2191,0,0,0,0,0,0,0,0,0,0,0,0,0,0,0,0,0,0,0,0,0,0,0,0,0,0,0,0,0,0,0,0,0,0,0,0,0,0,2,19,6,6,28,10,18,10,28,18,20,17,15,11,20,21,22,29,12,20,13,15,10,24,18,17,22,13,35,31,104,51,36,38,39,21,47,32,31,22,28,23,26,29,21,6,

2212,0,0,0,0,0,0,0,0,0,0,0,0,0,0,0,0,0,0,0,0,0,0,0,0,0,0,0,0,0,0,0,0,0,0,0,0,0,0,0,14,171,127,131,54,44,77,130,72,72,62,48,57,53,65,58,81,53,40,52,51,53,55,52,42,44,39,79,72,191,77,78,67,54,52,49,48,65,56,61,56,62,50,50,10,

2256,0,0,0,0,0,0,0,0,0,0,0,0,0,0,0,0,0,0,0,0,0,0,0,0,0,0,0,0,0,0,0,0,0,0,0,0,0,0,0,0,8,69,103,70,47,34,125,121,117,58,60,47,42,71,54,72,42,33,55,39,38,46,50,38,32,39,71,59,165,77,51,72,50,39,39,42,36,34,40,42,36,40,26,13,

2276,0,0,0,0,0,0,0,0,0,0,0,0,0,0,0,0,0,0,0,0,0,0,0,0,0,0,0,0,0,0,0,0,0,0,0,0,0,0,0,0,0,54,72,49,35,20,62,89,91,53,32,31,31,43,28,28,24,22,17,17,19,31,29,17,35,19,38,38,81,37,29,29,23,25,18,14,19,14,28,20,14,20,15,4,

2280,0,0,0,0,0,0,0,0,0,0,0,0,0,0,0,0,0,0,0,0,0,0,0,0,0,0,0,0,0,0,0,0,0,0,0,0,0,0,0,0,12,398,344,265,114,92,148,97,114,151,197,155,162,173,213,182,127,88,131,82,96,114,98,119,129,115,205,234,744,271,280,237,163,147,182,161,182,159,195,200,145,162,113,37,

2281,0,0,0,0,0,0,0,0,0,0,0,0,0,0,0,0,0,0,0,0,0,0,0,0,0,0,0,0,0,0,0,0,0,0,0,0,0,0,0,0,0,13,38,18,18,11,40,70,65,26,25,21,24,28,34,30,20,17,28,15,16,13,20,16,24,11,28,22,73,35,26,38,32,22,18,22,14,18,25,16,12,20,28,6,

2283,0,0,0,0,0,0,0,0,0,0,0,0,0,0,0,0,0,0,0,0,0,0,0,0,0,0,0,0,0,0,0,0,0,0,0,0,0,0,0,0,1,64,50,38,25,15,24,37,96,64,44,26,26,36,20,33,20,28,25,27,23,19,22,24,23,15,35,33,79,34,49,46,28,22,25,24,31,20,35,28,29,24,22,5,

2304,0,0,0,0,0,0,0,0,0,0,0,0,0,0,0,0,0,0,0,0,0,0,0,0,0,0,0,0,0,0,0,0,0,0,0,0,0,0,0,0,0,162,147,95,67,36,147,102,109,75,85,59,93,81,77,108,88,58,66,71,69,62,70,68,62,66,84,99,265,128,126,108,79,80,87,71,88,76,90,78,78,82,59,20,

2306,0,0,0,0,0,0,0,0,0,0,0,0,0,0,0,0,0,0,0,0,0,0,0,0,0,0,0,0,0,0,0,0,0,0,0,0,0,0,0,0,0,51,97,122,79,58,73,40,66,84,109,85,62,69,37,78,48,38,37,34,36,42,33,36,39,32,46,46,139,60,49,52,45,36,31,29,36,34,40,38,20,33,32,12,

2307,0,0,0,0,0,0,0,0,0,0,0,0,0,0,0,0,0,0,0,0,0,0,0,0,0,0,0,0,0,0,0,0,0,0,0,0,0,0,0,0,0,13,64,60,48,18,38,45,64,64,33,28,31,33,28,31,27,17,23,13,13,22,10,14,7,15,29,14,50,35,32,28,19,17,19,18,20,14,25,27,16,18,14,3,

2310,0,0,0,0,0,0,0,0,0,0,0,0,0,0,0,0,0,0,0,0,0,0,0,0,0,0,0,0,0,0,0,0,0,0,0,0,0,0,0,0,0,26,51,51,49,22,89,74,109,72,58,37,45,60,41,49,31,38,40,30,24,36,35,26,39,40,43,55,174,88,83,86,55,54,55,57,52,38,72,58,49,51,37,15,

2321,0,0,0,0,0,0,0,0,0,0,0,0,0,0,0,0,0,0,0,0,0,0,0,0,0,0,0,0,0,0,0,0,0,0,0,0,0,0,0,0,0,2,10,21,30,18,13,17,12,14,12,16,14,11,20,35,20,17,27,48,53,70,36,26,41,34,52,77,148,62,69,83,60,52,55,70,46,65,67,65,70,66,39,15,

2396,0,0,0,0,0,0,0,0,0,0,0,0,0,0,0,0,0,0,0,0,0,0,0,0,0,0,0,0,0,0,0,0,0,0,0,0,0,0,0,0,0,0,2,42,26,16,36,38,56,35,29,24,36,27,33,38,27,11,26,20,23,29,23,16,20,16,29,31,89,39,36,25,32,32,29,18,27,24,31,30,28,29,14,7,

2416,0,0,0,0,0,0,0,0,0,0,0,0,0,0,0,0,0,0,0,0,0,0,0,0,0,0,0,0,0,0,0,0,0,0,0,0,0,0,0,0,0,0,0,27,34,48,79,36,33,55,64,84,99,84,56,60,30,30,34,31,43,42,40,28,33,41,58,54,178,76,42,48,37,44,46,32,44,43,51,35,26,27,22,8,

2456,0,0,0,0,0,0,0,0,0,0,0,0,0,0,0,0,0,0,0,0,0,0,0,0,0,0,0,0,0,0,0,0,0,0,0,0,0,0,0,0,0,0,0,0,13,38,49,34,75,43,47,23,24,25,29,26,26,24,26,21,19,14,15,22,11,8,30,17,70,29,36,26,22,18,23,10,13,14,30,15,22,17,24,5,

2467,0,0,0,0,0,0,0,0,0,0,0,0,0,0,0,0,0,0,0,0,0,0,0,0,0,0,0,0,0,0,0,0,0,0,0,0,0,0,0,0,0,0,0,0,1,38,84,51,27,27,49,51,56,37,37,33,27,17,30,19,14,25,22,14,17,19,34,24,70,30,17,26,12,16,10,16,8,18,15,16,17,13,13,9,

2484,0,0,0,0,0,0,0,0,0,0,0,0,0,0,0,0,0,0,0,0,0,0,0,0,0,0,0,0,0,0,0,0,0,0,0,0,0,0,0,0,0,0,0,0,0,29,48,34,22,29,65,65,63,38,38,40,27,30,25,25,28,23,27,18,21,20,27,20,69,38,47,45,26,23,28,18,23,28,30,19,29,16,18,8,

2488,0,0,0,0,0,0,0,0,0,0,0,0,0,0,0,0,0,0,0,0,0,0,0,0,0,0,0,0,0,0,0,0,0,0,0,0,0,0,0,0,0,0,0,0,0,2,17,30,41,18,14,12,13,9,42,66,50,36,24,20,20,26,26,13,28,16,26,37,81,47,28,33,28,29,17,25,15,18,26,13,17,22,17,9,

2490,0,0,0,0,0,0,0,0,0,0,0,0,0,0,0,0,0,0,0,0,0,0,0,0,0,0,0,0,0,0,0,0,0,0,0,0,0,0,0,0,0,0,0,0,0,120,260,145,128,58,78,68,92,99,153,120,76,43,73,59,66,70,78,65,56,57,97,107,279,124,139,111,82,78,83,55,83,69,77,88,77,62,58,35,

2506,0,0,0,0,0,0,0,0,0,0,0,0,0,0,0,0,0,0,0,0,0,0,0,0,0,0,0,0,0,0,0,0,0,0,0,0,0,0,0,0,0,0,0,0,0,0,288,191,182,66,67,132,134,100,79,59,60,39,47,42,53,40,47,41,47,37,38,57,131,83,78,56,42,32,52,34,48,30,41,42,39,32,32,6,

2511,0,0,0,0,0,0,0,0,0,0,0,0,0,0,0,0,0,0,0,0,0,0,0,0,0,0,0,0,0,0,0,0,0,0,0,0,0,0,0,0,0,0,0,0,0,0,68,70,67,30,18,13,35,49,81,41,27,19,19,30,19,17,21,15,24,21,33,34,66,42,43,34,22,31,24,25,29,25,21,21,29,21,19,3,

2515,0,0,0,0,0,0,0,0,0,0,0,0,0,0,0,0,0,0,0,0,0,0,0,0,0,0,0,0,0,0,0,0,0,0,0,0,0,0,0,0,0,0,0,0,0,0,71,172,147,89,65,74,137,169,242,158,100,78,104,95,86,91,96,98,95,79,130,144,458,201,189,161,129,119,141,122,118,113,128,143,113,109,97,30,

2516,0,0,0,0,0,0,0,0,0,0,0,0,0,0,0,0,0,0,0,0,0,0,0,0,0,0,0,0,0,0,0,0,0,0,0,0,0,0,0,0,0,0,0,0,0,0,43,82,80,41,33,105,125,108,55,76,53,43,40,44,42,36,37,46,49,32,49,50,163,75,56,57,39,40,36,45,40,37,49,42,39,41,21,6,

2521,0,0,0,0,0,0,0,0,0,0,0,0,0,0,0,0,0,0,0,0,0,0,0,0,0,0,0,0,0,0,0,0,0,0,0,0,0,0,0,0,0,0,0,0,0,0,3,30,71,51,20,32,61,76,62,55,32,33,26,17,27,27,21,20,20,23,33,34,114,41,29,33,35,30,31,23,20,18,25,13,13,17,8,10,

2576,0,0,0,0,0,0,0,0,0,0,0,0,0,0,0,0,0,0,0,0,0,0,0,0,0,0,0,0,0,0,0,0,0,0,0,0,0,0,0,0,0,0,0,0,0,0,0,60,124,55,54,69,101,73,69,70,42,26,52,29,31,36,45,45,43,37,56,51,156,66,82,67,45,35,40,35,42,34,49,28,40,40,24,16,

2596,0,0,0,0,0,0,0,0,0,0,0,0,0,0,0,0,0,0,0,0,0,0,0,0,0,0,0,0,0,0,0,0,0,0,0,0,0,0,0,0,0,0,0,0,0,0,0,48,132,82,41,32,50,50,70,44,30,27,32,30,24,27,20,32,31,18,37,33,70,44,53,33,27,20,27,17,21,25,25,23,24,21,21,6,

2598,0,0,0,0,0,0,0,0,0,0,0,0,0,0,0,0,0,0,0,0,0,0,0,0,0,0,0,0,0,0,0,0,0,0,0,0,0,0,0,0,0,0,0,0,0,0,0,16,225,177,149,95,97,195,264,211,130,92,112,99,97,91,102,91,96,96,189,135,487,189,194,159,128,111,139,97,113,118,135,137,128,120,101,37,

2613,0,0,0,0,0,0,0,0,0,0,0,0,0,0,0,0,0,0,0,0,0,0,0,0,0,0,0,0,0,0,0,0,0,0,0,0,0,0,0,0,0,0,0,0,0,0,0,0,77,99,59,30,22,87,103,114,65,33,43,41,20,29,24,25,15,30,39,41,73,37,39,40,37,28,23,30,26,23,33,34,32,24,21,12,

2641,0,0,0,0,0,0,0,0,0,0,0,0,0,0,0,0,0,0,0,0,0,0,0,0,0,0,0,0,0,0,0,0,0,0,0,0,0,0,0,0,0,0,0,0,0,0,0,0,2,30,65,31,11,15,33,99,64,47,28,26,9,26,18,22,27,15,42,49,116,41,21,41,24,19,18,26,28,12,25,16,19,23,19,11,

2683,0,0,0,0,0,0,0,0,0,0,0,0,0,0,0,0,0,0,0,0,0,0,0,0,0,0,0,0,0,0,0,0,0,0,0,0,0,0,0,0,0,0,0,0,0,0,0,0,0,0,89,45,30,25,18,60,99,77,52,32,39,33,28,27,31,25,35,39,86,54,44,35,38,34,22,23,44,29,34,26,29,16,14,4,

2686,0,0,0,0,0,0,0,0,0,0,0,0,0,0,0,0,0,0,0,0,0,0,0,0,0,0,0,0,0,0,0,0,0,0,0,0,0,0,0,0,0,0,0,0,0,0,0,0,0,0,105,124,92,68,104,244,153,140,91,65,71,80,85,59,59,63,100,96,292,128,119,102,96,75,81,76,65,60,87,68,65,79,60,25,

2733,0,0,0,0,0,0,0,0,0,0,0,0,0,0,0,0,0,0,0,0,0,0,0,0,0,0,0,0,0,0,0,0,0,0,0,0,0,0,0,0,0,0,0,0,0,0,0,0,0,0,70,58,48,46,30,35,27,15,28,22,19,21,18,9,26,18,29,45,110,36,25,41,40,27,22,31,27,25,36,24,37,25,21,9,

2739,0,0,0,0,0,0,0,0,0,0,0,0,0,0,0,0,0,0,0,0,0,0,0,0,0,0,0,0,0,0,0,0,0,0,0,0,0,0,0,0,0,0,0,0,0,0,0,0,0,0,89,80,64,33,25,38,25,14,21,25,28,24,12,17,21,16,23,34,108,42,38,38,39,24,21,23,22,28,22,24,22,21,14,9,

2747,0,0,0,0,0,0,0,0,0,0,0,0,0,0,0,0,0,0,0,0,0,0,0,0,0,0,0,0,0,0,0,0,0,0,0,0,0,0,0,0,0,0,0,0,0,0,0,0,0,0,123,158,95,64,55,88,47,36,53,37,39,42,42,28,46,32,44,74,286,110,92,79,44,46,49,39,51,35,56,45,46,33,25,10,

2774,0,0,0,0,0,0,0,0,0,0,0,0,0,0,0,0,0,0,0,0,0,0,0,0,0,0,0,0,0,0,0,0,0,0,0,0,0,0,0,0,0,0,0,0,0,0,0,0,0,0,24,113,70,52,24,58,132,90,84,32,44,41,46,31,35,27,43,49,176,69,62,54,48,46,49,27,42,42,41,40,52,34,36,3,

2779,0,0,0,0,0,0,0,0,0,0,0,0,0,0,0,0,0,0,0,0,0,0,0,0,0,0,0,0,0,0,0,0,0,0,0,0,0,0,0,0,0,0,0,0,0,0,0,0,0,0,2,81,75,72,54,67,32,31,27,73,94,113,62,42,53,50,59,67,185,95,80,79,67,71,54,60,30,45,59,59,55,41,33,15,

2781,0,0,0,0,0,0,0,0,0,0,0,0,0,0,0,0,0,0,0,0,0,0,0,0,0,0,0,0,0,0,0,0,0,0,0,0,0,0,0,0,0,0,0,0,0,0,0,0,0,0,7,204,136,92,67,74,53,140,146,123,79,97,104,73,85,64,126,105,419,166,172,153,118,87,121,76,96,97,122,94,106,90,70,26,

2805,0,0,0,0,0,0,0,0,0,0,0,0,0,0,0,0,0,0,0,0,0,0,0,0,0,0,0,0,0,0,0,0,0,0,0,0,0,0,0,0,0,0,0,0,0,0,0,0,0,0,0,42,156,68,68,47,31,37,47,51,39,29,36,41,37,35,33,28,92,44,53,46,31,17,38,31,28,23,32,34,34,16,22,8,

2809,0,0,0,0,0,0,0,0,0,0,0,0,0,0,0,0,0,0,0,0,0,0,0,0,0,0,0,0,0,0,0,0,0,0,0,0,0,0,0,0,0,0,0,0,0,0,0,0,0,0,0,6,111,92,64,48,25,34,58,64,55,39,35,25,31,43,67,61,156,67,82,56,60,38,45,31,44,38,50,45,44,31,34,10,

2813,0,0,0,0,0,0,0,0,0,0,0,0,0,0,0,0,0,0,0,0,0,0,0,0,0,0,0,0,0,0,0,0,0,0,0,0,0,0,0,0,0,0,0,0,0,0,0,0,0,0,0,0,164,91,73,84,45,66,86,91,49,49,36,38,46,33,72,55,143,62,67,50,38,34,32,34,35,31,46,32,32,31,22,9,

2818,0,0,0,0,0,0,0,0,0,0,0,0,0,0,0,0,0,0,0,0,0,0,0,0,0,0,0,0,0,0,0,0,0,0,0,0,0,0,0,0,0,0,0,0,0,0,0,0,0,0,0,0,9,35,57,59,58,65,53,38,26,36,31,21,23,26,42,25,93,36,40,48,33,26,20,32,30,32,44,39,35,33,26,9,

2833,0,0,0,0,0,0,0,0,0,0,0,0,0,0,0,0,0,0,0,0,0,0,0,0,0,0,0,0,0,0,0,0,0,0,0,0,0,0,0,0,0,0,0,0,0,0,0,0,0,0,0,0,52,74,63,66,35,32,40,35,42,40,25,23,33,26,41,62,86,47,40,51,32,33,38,36,28,33,36,26,28,31,29,6,

2930,0,0,0,0,0,0,0,0,0,0,0,0,0,0,0,0,0,0,0,0,0,0,0,0,0,0,0,0,0,0,0,0,0,0,0,0,0,0,0,0,0,0,0,0,0,0,0,0,0,0,0,0,4,27,24,18,16,9,28,9,17,55,113,71,56,77,143,121,180,101,104,82,68,43,61,44,37,46,50,39,56,53,31,10,

2961,0,0,0,0,0,0,0,0,0,0,0,0,0,0,0,0,0,0,0,0,0,0,0,0,0,0,0,0,0,0,0,0,0,0,0,0,0,0,0,0,0,0,0,0,0,0,0,0,0,0,0,0,0,117,106,101,40,40,77,101,98,48,40,50,58,56,60,75,188,83,111,82,67,64,64,49,56,48,58,59,47,48,34,15,

2962,0,0,0,0,0,0,0,0,0,0,0,0,0,0,0,0,0,0,0,0,0,0,0,0,0,0,0,0,0,0,0,0,0,0,0,0,0,0,0,0,0,0,0,0,0,0,0,0,0,0,0,0,0,23,161,133,49,65,106,103,64,62,61,44,58,57,68,85,214,96,97,110,86,49,71,50,70,64,77,58,63,55,42,17,

2966,0,0,0,0,0,0,0,0,0,0,0,0,0,0,0,0,0,0,0,0,0,0,0,0,0,0,0,0,0,0,0,0,0,0,0,0,0,0,0,0,0,0,0,0,0,0,0,0,0,0,0,0,0,460,386,347,157,90,142,115,139,147,114,111,115,116,214,219,611,243,281,246,148,142,176,143,176,139,189,202,171,132,128,47,

3015,0,0,0,0,0,0,0,0,0,0,0,0,0,0,0,0,0,0,0,0,0,0,0,0,0,0,0,0,0,0,0,0,0,0,0,0,0,0,0,0,0,0,0,0,0,0,0,0,0,0,0,0,0,0,20,31,17,21,18,15,67,75,59,41,36,36,45,46,121,58,69,56,33,38,44,32,39,36,56,46,41,40,36,9,

3069,0,0,0,0,0,0,0,0,0,0,0,0,0,0,0,0,0,0,0,0,0,0,0,0,0,0,0,0,0,0,0,0,0,0,0,0,0,0,0,0,0,0,0,0,0,0,0,0,0,0,0,0,0,0,0,0,105,130,96,60,51,62,69,128,159,128,183,163,477,196,144,183,141,104,123,111,120,115,133,108,124,116,78,32,

3103,0,0,0,0,0,0,0,0,0,0,0,0,0,0,0,0,0,0,0,0,0,0,0,0,0,0,0,0,0,0,0,0,0,0,0,0,0,0,0,0,0,0,0,0,0,0,0,0,0,0,0,0,0,0,0,0,0,77,226,99,77,129,138,124,83,78,122,117,412,150,175,145,121,69,97,77,89,88,128,97,96,83,65,24,

3321,0,0,0,0,0,0,0,0,0,0,0,0,0,0,0,0,0,0,0,0,0,0,0,0,0,0,0,0,0,0,0,0,0,0,0,0,0,0,0,0,0,0,0,0,0,0,0,0,0,0,0,0,0,0,0,0,0,0,76,189,137,95,76,54,121,97,179,113,353,130,162,120,85,80,102,90,94,64,98,88,81,73,35,18,

3327,0,0,0,0,0,0,0,0,0,0,0,0,0,0,0,0,0,0,0,0,0,0,0,0,0,0,0,0,0,0,0,0,0,0,0,0,0,0,0,0,0,0,0,0,0,0,0,0,0,0,0,0,0,0,0,0,0,0,35,224,136,98,63,47,59,79,155,112,278,116,91,86,77,69,72,60,78,60,89,81,66,55,50,14,

3348,0,0,0,0,0,0,0,0,0,0,0,0,0,0,0,0,0,0,0,0,0,0,0,0,0,0,0,0,0,0,0,0,0,0,0,0,0,0,0,0,0,0,0,0,0,0,0,0,0,0,0,0,0,0,0,0,0,0,36,50,52,29,31,82,105,68,74,69,240,92,94,86,66,71,67,60,63,58,61,58,55,56,33,13,

3403,0,0,0,0,0,0,0,0,0,0,0,0,0,0,0,0,0,0,0,0,0,0,0,0,0,0,0,0,0,0,0,0,0,0,0,0,0,0,0,0,0,0,0,0,0,0,0,0,0,0,0,0,0,0,0,0,0,0,0,123,209,131,92,112,133,93,87,58,195,82,67,61,62,49,47,62,46,48,60,54,49,33,26,10,

3406,0,0,0,0,0,0,0,0,0,0,0,0,0,0,0,0,0,0,0,0,0,0,0,0,0,0,0,0,0,0,0,0,0,0,0,0,0,0,0,0,0,0,0,0,0,0,0,0,0,0,0,0,0,0,0,0,0,0,0,65,329,167,126,69,82,111,196,162,291,140,144,131,92,80,93,76,85,76,92,84,77,62,48,23,

3412,0,0,0,0,0,0,0,0,0,0,0,0,0,0,0,0,0,0,0,0,0,0,0,0,0,0,0,0,0,0,0,0,0,0,0,0,0,0,0,0,0,0,0,0,0,0,0,0,0,0,0,0,0,0,0,0,0,0,0,0,79,94,74,40,38,68,89,73,129,59,68,50,40,35,43,40,41,30,51,31,57,36,33,8,

3419,0,0,0,0,0,0,0,0,0,0,0,0,0,0,0,0,0,0,0,0,0,0,0,0,0,0,0,0,0,0,0,0,0,0,0,0,0,0,0,0,0,0,0,0,0,0,0,0,0,0,0,0,0,0,0,0,0,0,0,0,93,144,99,71,70,103,157,116,230,114,109,101,76,59,78,55,62,60,65,64,54,49,49,10,

3450,0,0,0,0,0,0,0,0,0,0,0,0,0,0,0,0,0,0,0,0,0,0,0,0,0,0,0,0,0,0,0,0,0,0,0,0,0,0,0,0,0,0,0,0,0,0,0,0,0,0,0,0,0,0,0,0,0,0,0,0,1,60,90,47,34,53,178,130,221,108,92,101,91,82,68,57,59,72,62,48,55,47,50,18,

3454,0,0,0,0,0,0,0,0,0,0,0,0,0,0,0,0,0,0,0,0,0,0,0,0,0,0,0,0,0,0,0,0,0,0,0,0,0,0,0,0,0,0,0,0,0,0,0,0,0,0,0,0,0,0,0,0,0,0,0,0,0,134,73,60,41,85,150,97,201,86,119,113,73,66,50,54,44,43,62,46,52,46,32,13,

3483,0,0,0,0,0,0,0,0,0,0,0,0,0,0,0,0,0,0,0,0,0,0,0,0,0,0,0,0,0,0,0,0,0,0,0,0,0,0,0,0,0,0,0,0,0,0,0,0,0,0,0,0,0,0,0,0,0,0,0,0,0,0,35,83,57,55,136,90,208,110,91,91,68,51,71,47,52,41,70,55,45,47,41,11,

3515,0,0,0,0,0,0,0,0,0,0,0,0,0,0,0,0,0,0,0,0,0,0,0,0,0,0,0,0,0,0,0,0,0,0,0,0,0,0,0,0,0,0,0,0,0,0,0,0,0,0,0,0,0,0,0,0,0,0,0,0,0,0,0,4,74,73,99,126,168,147,128,157,84,69,62,47,60,48,76,57,52,50,42,15,

3522,0,0,0,0,0,0,0,0,0,0,0,0,0,0,0,0,0,0,0,0,0,0,0,0,0,0,0,0,0,0,0,0,0,0,0,0,0,0,0,0,0,0,0,0,0,0,0,0,0,0,0,0,0,0,0,0,0,0,0,0,0,0,0,0,234,192,232,147,468,291,271,233,163,139,155,142,127,114,146,162,128,118,89,25,

3527,0,0,0,0,0,0,0,0,0,0,0,0,0,0,0,0,0,0,0,0,0,0,0,0,0,0,0,0,0,0,0,0,0,0,0,0,0,0,0,0,0,0,0,0,0,0,0,0,0,0,0,0,0,0,0,0,0,0,0,0,0,0,0,0,28,63,87,70,149,109,110,119,79,67,58,59,66,55,67,73,55,40,34,21,

3655,0,0,0,0,0,0,0,0,0,0,0,0,0,0,0,0,0,0,0,0,0,0,0,0,0,0,0,0,0,0,0,0,0,0,0,0,0,0,0,0,0,0,0,0,0,0,0,0,0,0,0,0,0,0,0,0,0,0,0,0,0,0,0,0,0,4,60,162,177,75,77,74,136,136,98,90,75,73,82,76,74,66,51,19,

3656,0,0,0,0,0,0,0,0,0,0,0,0,0,0,0,0,0,0,0,0,0,0,0,0,0,0,0,0,0,0,0,0,0,0,0,0,0,0,0,0,0,0,0,0,0,0,0,0,0,0,0,0,0,0,0,0,0,0,0,0,0,0,0,0,0,1,41,69,100,83,75,92,86,77,54,61,57,64,69,67,52,63,51,13,

3660,0,0,0,0,0,0,0,0,0,0,0,0,0,0,0,0,0,0,0,0,0,0,0,0,0,0,0,0,0,0,0,0,0,0,0,0,0,0,0,0,0,0,0,0,0,0,0,0,0,0,0,0,0,0,0,0,0,0,0,0,0,0,0,0,0,38,124,120,133,47,65,81,71,84,41,38,31,34,45,34,43,31,24,12,

3723,0,0,0,0,0,0,0,0,0,0,0,0,0,0,0,0,0,0,0,0,0,0,0,0,0,0,0,0,0,0,0,0,0,0,0,0,0,0,0,0,0,0,0,0,0,0,0,0,0,0,0,0,0,0,0,0,0,0,0,0,0,0,0,0,0,0,0,0,18,189,117,157,135,165,135,121,102,99,155,103,111,94,57,23,

3735,0,0,0,0,0,0,0,0,0,0,0,0,0,0,0,0,0,0,0,0,0,0,0,0,0,0,0,0,0,0,0,0,0,0,0,0,0,0,0,0,0,0,0,0,0,0,0,0,0,0,0,0,0,0,0,0,0,0,0,0,0,0,0,0,0,0,0,0,0,1,68,90,53,47,104,90,91,75,91,58,103,97,95,20,

3741,0,0,0,0,0,0,0,0,0,0,0,0,0,0,0,0,0,0,0,0,0,0,0,0,0,0,0,0,0,0,0,0,0,0,0,0,0,0,0,0,0,0,0,0,0,0,0,0,0,0,0,0,0,0,0,0,0,0,0,0,0,0,0,0,0,0,0,0,0,0,287,340,174,100,78,81,98,83,104,69,69,57,46,25,

3755,0,0,0,0,0,0,0,0,0,0,0,0,0,0,0,0,0,0,0,0,0,0,0,0,0,0,0,0,0,0,0,0,0,0,0,0,0,0,0,0,0,0,0,0,0,0,0,0,0,0,0,0,0,0,0,0,0,0,0,0,0,0,0,0,0,0,0,0,0,0,0,278,303,177,135,177,190,164,201,138,133,117,80,34,

